<?xml version="1.0" encoding="UTF-8"?>
<!-- Generated by org.testng.reporters.JUnitXMLReporter -->
<testsuite ignored="32" hostname="DESKTOP-A62QDBA" failures="2" tests="14" name="Regression Test" time="513.244" errors="0" timestamp="2022-08-16T17:45:22 IST">
  <testcase classname="com.tests.LoginTest" name="1. Email/Password Login Test" time="8.538"/>
  <testcase classname="com.tests.StartAuctionTest" name="2. Start Auction[Add to Cart]" time="14.781"/>
  <testcase classname="com.tests.AutoBidTest" name="3. AutoBid" time="37.423"/>
  <testcase classname="com.tests.ProfileTest" name="5. View Profile" time="14.24"/>
  <testcase classname="com.tests.ProfileTest" name="5. View Profile" time="4.807"/>
  <testcase classname="com.tests.DashboardTest" name="6. Dashboard verification" time="39.224"/>
  <testcase classname="com.tests.DashboardTest" name="6. Dashboard verification" time="26.105"/>
  <testcase classname="com.tests.DashboardTest" name="6. Dashboard verification" time="12.272"/>
  <testcase classname="com.tests.DashboardTest" name="6. Dashboard verification" time="5.736"/>
  <testcase classname="com.tests.CouponsTest" name="7. Coupon verification" time="35.538"/>
  <testcase classname="com.tests.CouponsTest" name="7. Coupon verification" time="2.94"/>
  <testcase classname="com.tests.SearchandFilterTest" name="8. Search and Filter" time="184.306">
    <failure type="org.openqa.selenium.ElementClickInterceptedException" message="element click intercepted: Element &amp;lt;li class=&amp;quot;ant-dropdown-menu-item ant-dropdown-menu-item-only-child&amp;quot; role=&amp;quot;menuitem&amp;quot;&amp;gt;...&amp;lt;/li&amp;gt; is not clickable at point (1247, 186). Other element would receive the click: &amp;lt;div class=&amp;quot;ant-col ant-col-24&amp;quot;&amp;gt;...&amp;lt;/div&amp;gt;
  (Session info: chrome=104.0.5112.81)
Build info: version: &amp;apos;3.141.59&amp;apos;, revision: &amp;apos;e82be7d358&amp;apos;, time: &amp;apos;2018-11-14T08:17:03&amp;apos;
System info: host: &amp;apos;DESKTOP-A62QDBA&amp;apos;, ip: &amp;apos;192.168.29.27&amp;apos;, os.name: &amp;apos;Windows 11&amp;apos;, os.arch: &amp;apos;amd64&amp;apos;, os.version: &amp;apos;10.0&amp;apos;, java.version: &amp;apos;17.0.3&amp;apos;
Driver info: org.openqa.selenium.chrome.ChromeDriver
Capabilities {acceptInsecureCerts: false, browserName: chrome, browserVersion: 104.0.5112.81, chrome: {chromedriverVersion: 104.0.5112.79 (3cf3e8c8a07d..., userDataDir: C:\Users\Dell\AppData\Local...}, goog:chromeOptions: {debuggerAddress: localhost:55022}, javascriptEnabled: true, networkConnectionEnabled: false, pageLoadStrategy: normal, platform: WINDOWS, platformName: WINDOWS, proxy: Proxy(), setWindowRect: true, strictFileInteractability: false, timeouts: {implicit: 0, pageLoad: 300000, script: 30000}, unhandledPromptBehavior: dismiss and notify, webauthn:extension:credBlob: true, webauthn:extension:largeBlob: true, webauthn:virtualAuthenticators: true}
Session ID: d36417e1c8a6b78a94211ceab3deb09c">
      <![CDATA[org.openqa.selenium.ElementClickInterceptedException: element click intercepted: Element <li class="ant-dropdown-menu-item ant-dropdown-menu-item-only-child" role="menuitem">...</li> is not clickable at point (1247, 186). Other element would receive the click: <div class="ant-col ant-col-24">...</div>
  (Session info: chrome=104.0.5112.81)
Build info: version: '3.141.59', revision: 'e82be7d358', time: '2018-11-14T08:17:03'
System info: host: 'DESKTOP-A62QDBA', ip: '192.168.29.27', os.name: 'Windows 11', os.arch: 'amd64', os.version: '10.0', java.version: '17.0.3'
Driver info: org.openqa.selenium.chrome.ChromeDriver
Capabilities {acceptInsecureCerts: false, browserName: chrome, browserVersion: 104.0.5112.81, chrome: {chromedriverVersion: 104.0.5112.79 (3cf3e8c8a07d..., userDataDir: C:\Users\Dell\AppData\Local...}, goog:chromeOptions: {debuggerAddress: localhost:55022}, javascriptEnabled: true, networkConnectionEnabled: false, pageLoadStrategy: normal, platform: WINDOWS, platformName: WINDOWS, proxy: Proxy(), setWindowRect: true, strictFileInteractability: false, timeouts: {implicit: 0, pageLoad: 300000, script: 30000}, unhandledPromptBehavior: dismiss and notify, webauthn:extension:credBlob: true, webauthn:extension:largeBlob: true, webauthn:virtualAuthenticators: true}
Session ID: d36417e1c8a6b78a94211ceab3deb09c
at org.openqa.selenium.remote.http.W3CHttpResponseCodec.createException(W3CHttpResponseCodec.java:187)
at org.openqa.selenium.remote.http.W3CHttpResponseCodec.decode(W3CHttpResponseCodec.java:122)
at org.openqa.selenium.remote.http.W3CHttpResponseCodec.decode(W3CHttpResponseCodec.java:49)
at org.openqa.selenium.remote.HttpCommandExecutor.execute(HttpCommandExecutor.java:158)
at org.openqa.selenium.remote.service.DriverCommandExecutor.execute(DriverCommandExecutor.java:83)
at org.openqa.selenium.remote.RemoteWebDriver.execute(RemoteWebDriver.java:552)
at org.openqa.selenium.remote.RemoteWebElement.execute(RemoteWebElement.java:285)
at org.openqa.selenium.remote.RemoteWebElement.click(RemoteWebElement.java:84)
at com.pages.SearchandFilterPage.sortByOptionandListView(SearchandFilterPage.java:236)
at com.tests.SearchandFilterTest.SearchandFiltercheck(SearchandFilterTest.java:18)
at java.base/java.util.ArrayList.forEach(ArrayList.java:1511)
... Removed 32 stack frames]]>
    </failure>
  </testcase> <!-- 8. Search and Filter -->
  <testcase classname="com.tests.SignUpTest" name="9. SignUp Test" time="47.734">
    <failure type="org.openqa.selenium.TimeoutException" message="Expected condition failed: waiting for com.helper.SeleniumHelper$1@40ebb56 (tried for 10 second(s) with 3000 milliseconds interval)">
      <![CDATA[org.openqa.selenium.TimeoutException: Expected condition failed: waiting for com.helper.SeleniumHelper$1@40ebb56 (tried for 10 second(s) with 3000 milliseconds interval)
at org.openqa.selenium.support.ui.WebDriverWait.timeoutException(WebDriverWait.java:95)
at org.openqa.selenium.support.ui.FluentWait.until(FluentWait.java:272)
at com.helper.SeleniumHelper.waitForElement(SeleniumHelper.java:396)
at com.pages.SignUpPage.signUpusingReferral(SignUpPage.java:130)
at com.tests.SignUpTest.SignUpPage(SignUpTest.java:65)
at java.base/java.util.ArrayList.forEach(ArrayList.java:1511)
Caused by: org.openqa.selenium.NoSuchElementException: no such element: Unable to locate element: {"method":"xpath","selector":"//div[@class='ant-modal-body']"}
  (Session info: chrome=104.0.5112.81)
For documentation on this error, please visit: https://www.seleniumhq.org/exceptions/no_such_element.html
Build info: version: '3.141.59', revision: 'e82be7d358', time: '2018-11-14T08:17:03'
System info: host: 'DESKTOP-A62QDBA', ip: '192.168.29.27', os.name: 'Windows 11', os.arch: 'amd64', os.version: '10.0', java.version: '17.0.3'
Driver info: org.openqa.selenium.chrome.ChromeDriver
Capabilities {acceptInsecureCerts: false, browserName: chrome, browserVersion: 104.0.5112.81, chrome: {chromedriverVersion: 104.0.5112.79 (3cf3e8c8a07d..., userDataDir: C:\Users\Dell\AppData\Local...}, goog:chromeOptions: {debuggerAddress: localhost:55090}, javascriptEnabled: true, networkConnectionEnabled: false, pageLoadStrategy: normal, platform: WINDOWS, platformName: WINDOWS, proxy: Proxy(), setWindowRect: true, strictFileInteractability: false, timeouts: {implicit: 0, pageLoad: 300000, script: 30000}, unhandledPromptBehavior: dismiss and notify, webauthn:extension:credBlob: true, webauthn:extension:largeBlob: true, webauthn:virtualAuthenticators: true}
Session ID: 16849d8e89c1d97033ca3c133b4d63bd
*** Element info: {Using=xpath, value=//div[@class='ant-modal-body']}
at org.openqa.selenium.remote.http.W3CHttpResponseCodec.createException(W3CHttpResponseCodec.java:187)
at org.openqa.selenium.remote.http.W3CHttpResponseCodec.decode(W3CHttpResponseCodec.java:122)
at org.openqa.selenium.remote.http.W3CHttpResponseCodec.decode(W3CHttpResponseCodec.java:49)
at org.openqa.selenium.remote.HttpCommandExecutor.execute(HttpCommandExecutor.java:158)
at org.openqa.selenium.remote.service.DriverCommandExecutor.execute(DriverCommandExecutor.java:83)
at org.openqa.selenium.remote.RemoteWebDriver.execute(RemoteWebDriver.java:552)
at org.openqa.selenium.remote.RemoteWebDriver.findElement(RemoteWebDriver.java:323)
at org.openqa.selenium.remote.RemoteWebDriver.findElementByXPath(RemoteWebDriver.java:428)
at org.openqa.selenium.By$ByXPath.findElement(By.java:353)
at org.openqa.selenium.remote.RemoteWebDriver.findElement(RemoteWebDriver.java:315)
at org.openqa.selenium.support.pagefactory.DefaultElementLocator.findElement(DefaultElementLocator.java:69)
at org.openqa.selenium.support.pagefactory.internal.LocatingElementHandler.invoke(LocatingElementHandler.java:38)
at jdk.proxy2/jdk.proxy2.$Proxy16.isDisplayed(Unknown Source)
at com.helper.SeleniumHelper$1.apply(SeleniumHelper.java:405)
at com.helper.SeleniumHelper$1.apply(SeleniumHelper.java:1)
at org.openqa.selenium.support.ui.FluentWait.until(FluentWait.java:249)
... 31 more
... Removed 32 stack frames]]>
    </failure>
  </testcase> <!-- 9. SignUp Test -->
  <testcase classname="com.tests.LoginOTPTest$LoginTest" name="10. Login with OTP" time="55.717"/>
  <testcase classname="com.tests.AutoBidTest" name="AutoBidFromSpecialityStoreandWalletPayment" time="0.0">
    <ignored/>
  </testcase> <!-- AutoBidFromSpecialityStoreandWalletPayment -->
  <testcase classname="com.tests.BuyNowTest" name="BuyNowFromAllProductsDropdownandCODOption" time="0.0">
    <ignored/>
  </testcase> <!-- BuyNowFromAllProductsDropdownandCODOption -->
  <testcase classname="com.tests.BuyNowTest" name="BuyNowFromSpecialityStoreandWalletPayment" time="0.0">
    <ignored/>
  </testcase> <!-- BuyNowFromSpecialityStoreandWalletPayment -->
  <testcase classname="com.tests.BaseTest" name="@BeforeSuite globalSetup" time="0.0">
    <ignored/>
  </testcase> <!-- @BeforeSuite globalSetup -->
  <testcase classname="com.tests.BaseTest" name="@BeforeSuite globalSetup" time="0.0">
    <ignored/>
  </testcase> <!-- @BeforeSuite globalSetup -->
  <testcase classname="com.tests.BaseTest" name="@BeforeSuite globalSetup" time="0.0">
    <ignored/>
  </testcase> <!-- @BeforeSuite globalSetup -->
  <testcase classname="com.tests.BaseTest" name="@BeforeSuite globalSetup" time="0.0">
    <ignored/>
  </testcase> <!-- @BeforeSuite globalSetup -->
  <testcase classname="com.tests.BaseTest" name="@BeforeSuite globalSetup" time="0.0">
    <ignored/>
  </testcase> <!-- @BeforeSuite globalSetup -->
  <testcase classname="com.tests.BaseTest" name="@BeforeSuite globalSetup" time="0.0">
    <ignored/>
  </testcase> <!-- @BeforeSuite globalSetup -->
  <testcase classname="com.tests.BaseTest" name="@BeforeSuite globalSetup" time="0.0">
    <ignored/>
  </testcase> <!-- @BeforeSuite globalSetup -->
  <testcase classname="com.tests.BaseTest" name="@BeforeSuite globalSetup" time="0.0">
    <ignored/>
  </testcase> <!-- @BeforeSuite globalSetup -->
  <testcase classname="com.tests.BaseTest" name="@BeforeSuite globalSetup" time="0.0">
    <ignored/>
  </testcase> <!-- @BeforeSuite globalSetup -->
  <testcase classname="com.tests.AutoBidTest" name="AutoBidFromAllProductsDropdownandCODOption" time="0.0">
    <ignored/>
  </testcase> <!-- AutoBidFromAllProductsDropdownandCODOption -->
  <testcase classname="com.tests.AutoBidTest" name="AutoBidFromMainCategoryandCardPayment" time="0.0">
    <ignored/>
  </testcase> <!-- AutoBidFromMainCategoryandCardPayment -->
  <testcase classname="com.tests.BuyNowTest" name="BuyNowSearchProducyUsingKeywordandNetBankingPayment" time="0.0">
    <ignored/>
  </testcase> <!-- BuyNowSearchProducyUsingKeywordandNetBankingPayment -->
  <testcase classname="com.tests.ProfileTest" name="PasswordUpdate" time="0.0">
    <ignored/>
  </testcase> <!-- PasswordUpdate -->
  <testcase classname="com.tests.ProfileTest" name="PhonenumberUpdate" time="0.0">
    <ignored/>
  </testcase> <!-- PhonenumberUpdate -->
  <testcase classname="com.tests.BuyNowTest" name="BuyNowFromMainCategoryandCardPayment" time="0.0">
    <ignored/>
  </testcase> <!-- BuyNowFromMainCategoryandCardPayment -->
  <testcase classname="com.tests.ProfileTest" name="AddDeliveryAddress" time="0.0">
    <ignored/>
  </testcase> <!-- AddDeliveryAddress -->
  <testcase classname="com.tests.StartAuctionTest" name="StartAuctionWay3" time="0.0">
    <ignored/>
  </testcase> <!-- StartAuctionWay3 -->
  <testcase classname="com.tests.BaseTest" name="@AfterSuite wrapAllUp" time="0.0">
    <ignored/>
  </testcase> <!-- @AfterSuite wrapAllUp -->
  <testcase classname="com.tests.BaseTest" name="@AfterSuite wrapAllUp" time="0.0">
    <ignored/>
  </testcase> <!-- @AfterSuite wrapAllUp -->
  <testcase classname="com.tests.BaseTest" name="@AfterSuite wrapAllUp" time="0.0">
    <ignored/>
  </testcase> <!-- @AfterSuite wrapAllUp -->
  <testcase classname="com.tests.BaseTest" name="@AfterSuite wrapAllUp" time="0.0">
    <ignored/>
  </testcase> <!-- @AfterSuite wrapAllUp -->
  <testcase classname="com.tests.BaseTest" name="@AfterSuite wrapAllUp" time="0.0">
    <ignored/>
  </testcase> <!-- @AfterSuite wrapAllUp -->
  <testcase classname="com.tests.BaseTest" name="@AfterSuite wrapAllUp" time="0.0">
    <ignored/>
  </testcase> <!-- @AfterSuite wrapAllUp -->
  <testcase classname="com.tests.BaseTest" name="@AfterSuite wrapAllUp" time="0.0">
    <ignored/>
  </testcase> <!-- @AfterSuite wrapAllUp -->
  <testcase classname="com.tests.BaseTest" name="@AfterSuite wrapAllUp" time="0.0">
    <ignored/>
  </testcase> <!-- @AfterSuite wrapAllUp -->
  <testcase classname="com.tests.BaseTest" name="@AfterSuite wrapAllUp" time="0.0">
    <ignored/>
  </testcase> <!-- @AfterSuite wrapAllUp -->
  <testcase classname="com.tests.ProfileTest" name="PersonalInformationUpdate" time="0.0">
    <ignored/>
  </testcase> <!-- PersonalInformationUpdate -->
  <testcase classname="com.tests.StartAuctionTest" name="StartAuctionWay1" time="0.0">
    <ignored/>
  </testcase> <!-- StartAuctionWay1 -->
  <testcase classname="com.tests.StartAuctionTest" name="StartAuctionWay2" time="0.0">
    <ignored/>
  </testcase> <!-- StartAuctionWay2 -->
</testsuite> <!-- Regression Test -->
