<?xml version="1.0" encoding="UTF-8"?>
<!-- Generated by org.testng.reporters.JUnitXMLReporter -->
<testsuite ignored="10" hostname="DESKTOP-A62QDBA" failures="2" tests="6" name="Test" time="408.809" errors="0" timestamp="2022-07-11T15:38:19 IST">
  <testcase classname="com.tests.LoginTest" name="Login Test" time="7.723"/>
  <testcase classname="com.tests.LoginOTPTest$LoginTest" name="Login with OTP Test" time="25.382"/>
  <testcase classname="com.tests.RecoverPassTest" name="Recover Password Test" time="130.885">
    <failure type="java.lang.AssertionError" message="Password changed successfully expected [true] but found [false]">
      <![CDATA[java.lang.AssertionError: Password changed successfully expected [true] but found [false]
at com.pages.RecoverPassword.passwordRecovery(RecoverPassword.java:71)
at com.tests.RecoverPassTest.recoverpassword(RecoverPassTest.java:16)
at java.base/java.util.ArrayList.forEach(ArrayList.java:1511)
... Removed 30 stack frames]]>
    </failure>
  </testcase> <!-- Recover Password Test -->
  <testcase classname="com.tests.SignUpTest" name="SignUp Test" time="124.566">
    <failure type="java.lang.AssertionError" message="SignUp successful expected [true] but found [false]">
      <![CDATA[java.lang.AssertionError: SignUp successful expected [true] but found [false]
at com.pages.SignUpPage.signUp(SignUpPage.java:75)
at com.tests.SignUpTest.SignUpPage(SignUpTest.java:17)
at java.base/java.util.ArrayList.forEach(ArrayList.java:1511)
... Removed 30 stack frames]]>
    </failure>
  </testcase> <!-- SignUp Test -->
  <testcase classname="com.tests.ProfileTest" name="Profile Test" time="4.937"/>
  <testcase classname="com.tests.SearchProductAndStartAuctionTest" name="Start auction from Speciality Store" time="86.339"/>
  <testcase classname="com.tests.BaseTest" name="@AfterSuite wrapAllUp" time="0.0">
    <ignored/>
  </testcase> <!-- @AfterSuite wrapAllUp -->
  <testcase classname="com.tests.BaseTest" name="@AfterSuite wrapAllUp" time="0.0">
    <ignored/>
  </testcase> <!-- @AfterSuite wrapAllUp -->
  <testcase classname="com.tests.BaseTest" name="@AfterSuite wrapAllUp" time="0.0">
    <ignored/>
  </testcase> <!-- @AfterSuite wrapAllUp -->
  <testcase classname="com.tests.BaseTest" name="@AfterSuite wrapAllUp" time="0.0">
    <ignored/>
  </testcase> <!-- @AfterSuite wrapAllUp -->
  <testcase classname="com.tests.BaseTest" name="@AfterSuite wrapAllUp" time="0.0">
    <ignored/>
  </testcase> <!-- @AfterSuite wrapAllUp -->
  <testcase classname="com.tests.BaseTest" name="@BeforeSuite globalSetup" time="0.0">
    <ignored/>
  </testcase> <!-- @BeforeSuite globalSetup -->
  <testcase classname="com.tests.BaseTest" name="@BeforeSuite globalSetup" time="0.0">
    <ignored/>
  </testcase> <!-- @BeforeSuite globalSetup -->
  <testcase classname="com.tests.BaseTest" name="@BeforeSuite globalSetup" time="0.0">
    <ignored/>
  </testcase> <!-- @BeforeSuite globalSetup -->
  <testcase classname="com.tests.BaseTest" name="@BeforeSuite globalSetup" time="0.0">
    <ignored/>
  </testcase> <!-- @BeforeSuite globalSetup -->
  <testcase classname="com.tests.BaseTest" name="@BeforeSuite globalSetup" time="0.0">
    <ignored/>
  </testcase> <!-- @BeforeSuite globalSetup -->
</testsuite> <!-- Test -->
