<!DOCTYPE html>

<html>
  <head>
  <meta charset='utf-8'>
  <title>TestNG reports</title>

    <link type="text/css" href="testng-reports1.css" rel="stylesheet" id="ultra" />
    <link type="text/css" href="testng-reports.css" rel="stylesheet" id="retro" disabled="false"/>
    <script type="text/javascript" src="jquery.min.js"></script>
    <script type="text/javascript" src="testng-reports.js"></script>
    <script type="text/javascript" src="https://www.google.com/jsapi"></script>
    <script type='text/javascript'>
      google.load('visualization', '1', {packages:['table']});
      google.setOnLoadCallback(drawTable);
      var suiteTableInitFunctions = new Array();
      var suiteTableData = new Array();
    </script>
    <!--
      <script type="text/javascript" src="jquery-ui/js/jquery-ui-1.8.16.custom.min.js"></script>
     -->
  </head>

  <body>
    <div class="top-banner-root">
      <span class="top-banner-title-font">Test results</span>
      <button id="button" class="button">Switch Retro Theme</button> <!-- button -->
      <br/>
      <span class="top-banner-font-1">1 suite, 7 failed tests</span>
    </div> <!-- top-banner-root -->
    <div class="navigator-root">
      <div class="navigator-suite-header">
        <span>All suites</span>
        <a href="#" title="Collapse/expand all the suites" class="collapse-all-link">
          <img src="collapseall.gif" class="collapse-all-icon">
          </img> <!-- collapse-all-icon -->
        </a> <!-- collapse-all-link -->
      </div> <!-- navigator-suite-header -->
      <div class="suite">
        <div class="rounded-window">
          <div class="suite-header light-rounded-window-top">
            <a href="#" panel-name="suite-Suite" class="navigator-link">
              <span class="suite-name border-failed">Suite</span>
            </a> <!-- navigator-link -->
          </div> <!-- suite-header light-rounded-window-top -->
          <div class="navigator-suite-content">
            <div class="suite-section-title">
              <span>Info</span>
            </div> <!-- suite-section-title -->
            <div class="suite-section-content">
              <ul>
                <li>
                  <a href="#" panel-name="test-xml-Suite" class="navigator-link ">
                    <span>C:\Users\Dell\git\jb-webbuyer-automation\JingleBid\JingleBid\regression.xml</span>
                  </a> <!-- navigator-link  -->
                </li>
                <li>
                  <a href="#" panel-name="testlist-Suite" class="navigator-link ">
                    <span class="test-stats">1 test</span>
                  </a> <!-- navigator-link  -->
                </li>
                <li>
                  <a href="#" panel-name="group-Suite" class="navigator-link ">
                    <span>0 groups</span>
                  </a> <!-- navigator-link  -->
                </li>
                <li>
                  <a href="#" panel-name="times-Suite" class="navigator-link ">
                    <span>Times</span>
                  </a> <!-- navigator-link  -->
                </li>
                <li>
                  <a href="#" panel-name="reporter-Suite" class="navigator-link ">
                    <span>Reporter output</span>
                  </a> <!-- navigator-link  -->
                </li>
                <li>
                  <a href="#" panel-name="ignored-methods-Suite" class="navigator-link ">
                    <span>Ignored methods</span>
                  </a> <!-- navigator-link  -->
                </li>
                <li>
                  <a href="#" panel-name="chronological-Suite" class="navigator-link ">
                    <span>Chronological view</span>
                  </a> <!-- navigator-link  -->
                </li>
              </ul>
            </div> <!-- suite-section-content -->
            <div class="result-section">
              <div class="suite-section-title">
                <span>Results</span>
              </div> <!-- suite-section-title -->
              <div class="suite-section-content">
                <ul>
                  <li>
                    <span class="method-stats">28 methods, 7 failed,   21 passed</span>
                  </li>
                  <li>
                    <span class="method-list-title failed">Failed methods</span>
                    <span class="show-or-hide-methods failed">
                      <a href="#" panel-name="suite-Suite" class="hide-methods failed suite-Suite"> (hide)</a> <!-- hide-methods failed suite-Suite -->
                      <a href="#" panel-name="suite-Suite" class="show-methods failed suite-Suite"> (show)</a> <!-- show-methods failed suite-Suite -->
                    </span>
                    <div class="method-list-content failed suite-Suite">
                      <span>
                        <img src="failed.png" width="3%"/>
                        <a href="#" panel-name="suite-Suite" title="com.tests.AutoBidTest" class="method navigator-link" hash-for-method="AutoBidFromAllProductsDropdownandCODOption">AutoBidFromAllProductsDropdownandCODOption</a> <!-- method navigator-link -->
                      </span>
                      <br/>
                      <span>
                        <img src="failed.png" width="3%"/>
                        <a href="#" panel-name="suite-Suite" title="com.tests.AutoBidTest" class="method navigator-link" hash-for-method="AutoBidFromMainCategoryandCardPayment">AutoBidFromMainCategoryandCardPayment</a> <!-- method navigator-link -->
                      </span>
                      <br/>
                      <span>
                        <img src="failed.png" width="3%"/>
                        <a href="#" panel-name="suite-Suite" title="com.tests.AutoBidTest" class="method navigator-link" hash-for-method="AutoBidFromSpecialityStoreandWalletPayment">AutoBidFromSpecialityStoreandWalletPayment</a> <!-- method navigator-link -->
                      </span>
                      <br/>
                      <span>
                        <img src="failed.png" width="3%"/>
                        <a href="#" panel-name="suite-Suite" title="com.tests.BuyNowTest" class="method navigator-link" hash-for-method="BuyNowFromAllProductsDropdownandCODOption">BuyNowFromAllProductsDropdownandCODOption</a> <!-- method navigator-link -->
                      </span>
                      <br/>
                      <span>
                        <img src="failed.png" width="3%"/>
                        <a href="#" panel-name="suite-Suite" title="com.tests.BuyNowTest" class="method navigator-link" hash-for-method="BuyNowFromMainCategoryandCardPayment">BuyNowFromMainCategoryandCardPayment</a> <!-- method navigator-link -->
                      </span>
                      <br/>
                      <span>
                        <img src="failed.png" width="3%"/>
                        <a href="#" panel-name="suite-Suite" title="com.tests.BuyNowTest" class="method navigator-link" hash-for-method="BuyNowFromSpecialityStoreandWalletPayment">BuyNowFromSpecialityStoreandWalletPayment</a> <!-- method navigator-link -->
                      </span>
                      <br/>
                      <span>
                        <img src="failed.png" width="3%"/>
                        <a href="#" panel-name="suite-Suite" title="com.tests.ProfileTest" class="method navigator-link" hash-for-method="PersonalInformationUpdate">PersonalInformationUpdate</a> <!-- method navigator-link -->
                      </span>
                      <br/>
                    </div> <!-- method-list-content failed suite-Suite -->
                  </li>
                  <li>
                    <span class="method-list-title passed">Passed methods</span>
                    <span class="show-or-hide-methods passed">
                      <a href="#" panel-name="suite-Suite" class="hide-methods passed suite-Suite"> (hide)</a> <!-- hide-methods passed suite-Suite -->
                      <a href="#" panel-name="suite-Suite" class="show-methods passed suite-Suite"> (show)</a> <!-- show-methods passed suite-Suite -->
                    </span>
                    <div class="method-list-content passed suite-Suite">
                      <span>
                        <img src="passed.png" width="3%"/>
                        <a href="#" panel-name="suite-Suite" title="com.tests.ProfileTest" class="method navigator-link" hash-for-method="AddDeliveryAddress">AddDeliveryAddress</a> <!-- method navigator-link -->
                      </span>
                      <br/>
                      <span>
                        <img src="passed.png" width="3%"/>
                        <a href="#" panel-name="suite-Suite" title="com.tests.AutoBidTest" class="method navigator-link" hash-for-method="AutoBidByKeywordSearchandNetBankingPayment">AutoBidByKeywordSearchandNetBankingPayment</a> <!-- method navigator-link -->
                      </span>
                      <br/>
                      <span>
                        <img src="passed.png" width="3%"/>
                        <a href="#" panel-name="suite-Suite" title="com.tests.BuyNowTest" class="method navigator-link" hash-for-method="BuyNowSearchProducyUsingKeywordandNetBankingPayment">BuyNowSearchProducyUsingKeywordandNetBankingPayment</a> <!-- method navigator-link -->
                      </span>
                      <br/>
                      <span>
                        <img src="passed.png" width="3%"/>
                        <a href="#" panel-name="suite-Suite" title="com.tests.CouponsTest" class="method navigator-link" hash-for-method="Couponapplyverfication">Couponapplyverfication</a> <!-- method navigator-link -->
                      </span>
                      <br/>
                      <span>
                        <img src="passed.png" width="3%"/>
                        <a href="#" panel-name="suite-Suite" title="com.tests.DashboardTest" class="method navigator-link" hash-for-method="DashboardBottomBanner">DashboardBottomBanner</a> <!-- method navigator-link -->
                      </span>
                      <br/>
                      <span>
                        <img src="passed.png" width="3%"/>
                        <a href="#" panel-name="suite-Suite" title="com.tests.DashboardTest" class="method navigator-link" hash-for-method="DashboardTopBar">DashboardTopBar</a> <!-- method navigator-link -->
                      </span>
                      <br/>
                      <span>
                        <img src="passed.png" width="3%"/>
                        <a href="#" panel-name="suite-Suite" title="com.tests.DashboardTest" class="method navigator-link" hash-for-method="DashboardTotalAuctionandDeals">DashboardTotalAuctionandDeals</a> <!-- method navigator-link -->
                      </span>
                      <br/>
                      <span>
                        <img src="passed.png" width="3%"/>
                        <a href="#" panel-name="suite-Suite" title="com.tests.DashboardTest" class="method navigator-link" hash-for-method="DealsAndAuctionRedirecting">DealsAndAuctionRedirecting</a> <!-- method navigator-link -->
                      </span>
                      <br/>
                      <span>
                        <img src="passed.png" width="3%"/>
                        <a href="#" panel-name="suite-Suite" title="com.tests.ProfileTest" class="method navigator-link" hash-for-method="DeleteDeliveryAddress">DeleteDeliveryAddress</a> <!-- method navigator-link -->
                      </span>
                      <br/>
                      <span>
                        <img src="passed.png" width="3%"/>
                        <a href="#" panel-name="suite-Suite" title="com.tests.ProfileTest" class="method navigator-link" hash-for-method="EditDeliveryAddress">EditDeliveryAddress</a> <!-- method navigator-link -->
                      </span>
                      <br/>
                      <span>
                        <img src="passed.png" width="3%"/>
                        <a href="#" panel-name="suite-Suite" title="com.tests.DashboardTest" class="method navigator-link" hash-for-method="FilterCheck">FilterCheck</a> <!-- method navigator-link -->
                      </span>
                      <br/>
                      <span>
                        <img src="passed.png" width="3%"/>
                        <a href="#" panel-name="suite-Suite" title="com.tests.LoginOTPTest$LoginTest" class="method navigator-link" hash-for-method="LoginwithOTP">LoginwithOTP</a> <!-- method navigator-link -->
                      </span>
                      <br/>
                      <span>
                        <img src="passed.png" width="3%"/>
                        <a href="#" panel-name="suite-Suite" title="com.tests.ProfileTest" class="method navigator-link" hash-for-method="PasswordUpdate">PasswordUpdate</a> <!-- method navigator-link -->
                      </span>
                      <br/>
                      <span>
                        <img src="passed.png" width="3%"/>
                        <a href="#" panel-name="suite-Suite" title="com.tests.ProfileTest" class="method navigator-link" hash-for-method="PhonenumberUpdate">PhonenumberUpdate</a> <!-- method navigator-link -->
                      </span>
                      <br/>
                      <span>
                        <img src="passed.png" width="3%"/>
                        <a href="#" panel-name="suite-Suite" title="com.tests.DashboardTest" class="method navigator-link" hash-for-method="Productrequestcheck">Productrequestcheck</a> <!-- method navigator-link -->
                      </span>
                      <br/>
                      <span>
                        <img src="passed.png" width="3%"/>
                        <a href="#" panel-name="suite-Suite" title="com.tests.ProfileTest" class="method navigator-link" hash-for-method="Profileimageupload">Profileimageupload</a> <!-- method navigator-link -->
                      </span>
                      <br/>
                      <span>
                        <img src="passed.png" width="3%"/>
                        <a href="#" panel-name="suite-Suite" title="com.tests.CouponsTest" class="method navigator-link" hash-for-method="ReferralPage">ReferralPage</a> <!-- method navigator-link -->
                      </span>
                      <br/>
                      <span>
                        <img src="passed.png" width="3%"/>
                        <a href="#" panel-name="suite-Suite" title="com.tests.SearchandFilterTest" class="method navigator-link" hash-for-method="SearchandFiltercheck">SearchandFiltercheck</a> <!-- method navigator-link -->
                      </span>
                      <br/>
                      <span>
                        <img src="passed.png" width="3%"/>
                        <a href="#" panel-name="suite-Suite" title="com.tests.SignUpTest" class="method navigator-link" hash-for-method="SignUpPage">SignUpPage</a> <!-- method navigator-link -->
                      </span>
                      <br/>
                      <span>
                        <img src="passed.png" width="3%"/>
                        <a href="#" panel-name="suite-Suite" title="com.tests.StartAuctionTest" class="method navigator-link" hash-for-method="StartAuctionWay0">StartAuctionWay0</a> <!-- method navigator-link -->
                      </span>
                      <br/>
                      <span>
                        <img src="passed.png" width="3%"/>
                        <a href="#" panel-name="suite-Suite" title="com.tests.LoginTest" class="method navigator-link" hash-for-method="loginPage">loginPage</a> <!-- method navigator-link -->
                      </span>
                      <br/>
                    </div> <!-- method-list-content passed suite-Suite -->
                  </li>
                </ul>
              </div> <!-- suite-section-content -->
            </div> <!-- result-section -->
          </div> <!-- navigator-suite-content -->
        </div> <!-- rounded-window -->
      </div> <!-- suite -->
    </div> <!-- navigator-root -->
    <div class="wrapper">
      <div class="main-panel-root">
        <div panel-name="suite-Suite" class="panel Suite">
          <div class="suite-Suite-class-failed">
            <div class="main-panel-header rounded-window-top">
              <img src="failed.png"/>
              <span class="class-name">com.tests.AutoBidTest</span>
            </div> <!-- main-panel-header rounded-window-top -->
            <div class="main-panel-content rounded-window-bottom">
              <div class="method">
                <div class="method-content">
                  <a name="AutoBidFromAllProductsDropdownandCODOption">
                  </a> <!-- AutoBidFromAllProductsDropdownandCODOption -->
                  <span class="method-name">AutoBidFromAllProductsDropdownandCODOption</span>
                  <div class="stack-trace">org.openqa.selenium.TimeoutException: Expected condition failed: waiting for com.helper.SeleniumHelper$1@1c6a0103 (tried for 5 second(s) with 3000 milliseconds interval)
	at org.openqa.selenium.support.ui.WebDriverWait.timeoutException(WebDriverWait.java:87)
	at org.openqa.selenium.support.ui.FluentWait.until(FluentWait.java:231)
	at com.helper.SeleniumHelper.waitForElement(SeleniumHelper.java:395)
	at com.pages.AutoBidPage.allProductsDropDownAutoBid(AutoBidPage.java:247)
	at com.tests.AutoBidTest.AutoBidFromAllProductsDropdownandCODOption(AutoBidTest.java:49)
	at java.base/java.util.ArrayList.forEach(ArrayList.java:1511)
Caused by: org.openqa.selenium.NoSuchElementException: no such element: Unable to locate element: {&quot;method&quot;:&quot;xpath&quot;,&quot;selector&quot;:&quot;//span[text()=&apos;All Products&apos;]&quot;}
  (Session info: chrome=105.0.5195.102)
For documentation on this error, please visit: https://selenium.dev/exceptions/#no_such_element
Build info: version: &apos;4.3.0&apos;, revision: &apos;a4995e2c09*&apos;
System info: host: &apos;DESKTOP-A62QDBA&apos;, ip: &apos;192.168.29.125&apos;, os.name: &apos;Windows 11&apos;, os.arch: &apos;amd64&apos;, os.version: &apos;10.0&apos;, java.version: &apos;17.0.3&apos;
Driver info: org.openqa.selenium.chrome.ChromeDriver
Command: [7e8e3a718864f0f7dadab625f8a7f853, findElement {using=xpath, value=//span[text()=&apos;All Products&apos;]}]
Capabilities {acceptInsecureCerts: false, browserName: chrome, browserVersion: 105.0.5195.102, chrome: {chromedriverVersion: 105.0.5195.52 (412c95e51883..., userDataDir: C:\Users\Dell\AppData\Local...}, goog:chromeOptions: {debuggerAddress: localhost:63635}, networkConnectionEnabled: false, pageLoadStrategy: normal, platformName: WINDOWS, proxy: Proxy(), se:cdp: ws://localhost:63635/devtoo..., se:cdpVersion: 105.0.5195.102, setWindowRect: true, strictFileInteractability: false, timeouts: {implicit: 0, pageLoad: 300000, script: 30000}, unhandledPromptBehavior: dismiss and notify, webauthn:extension:credBlob: true, webauthn:extension:largeBlob: true, webauthn:virtualAuthenticators: true}
Session ID: 7e8e3a718864f0f7dadab625f8a7f853
	at org.openqa.selenium.remote.codec.w3c.W3CHttpResponseCodec.createException(W3CHttpResponseCodec.java:200)
	at org.openqa.selenium.remote.codec.w3c.W3CHttpResponseCodec.decode(W3CHttpResponseCodec.java:133)
	at org.openqa.selenium.remote.codec.w3c.W3CHttpResponseCodec.decode(W3CHttpResponseCodec.java:53)
	at org.openqa.selenium.remote.HttpCommandExecutor.execute(HttpCommandExecutor.java:184)
	at org.openqa.selenium.remote.service.DriverCommandExecutor.invokeExecute(DriverCommandExecutor.java:167)
	at org.openqa.selenium.remote.service.DriverCommandExecutor.execute(DriverCommandExecutor.java:142)
	at org.openqa.selenium.remote.RemoteWebDriver.execute(RemoteWebDriver.java:569)
	at org.openqa.selenium.remote.ElementLocation$ElementFinder$2.findElement(ElementLocation.java:162)
	at org.openqa.selenium.remote.ElementLocation.findElement(ElementLocation.java:60)
	at org.openqa.selenium.remote.RemoteWebDriver.findElement(RemoteWebDriver.java:387)
	at org.openqa.selenium.remote.RemoteWebDriver.findElement(RemoteWebDriver.java:379)
	at org.openqa.selenium.support.pagefactory.DefaultElementLocator.findElement(DefaultElementLocator.java:70)
	at org.openqa.selenium.support.pagefactory.internal.LocatingElementHandler.invoke(LocatingElementHandler.java:39)
	at jdk.proxy2/jdk.proxy2.$Proxy20.isDisplayed(Unknown Source)
	at com.helper.SeleniumHelper$1.apply(SeleniumHelper.java:404)
	at com.helper.SeleniumHelper$1.apply(SeleniumHelper.java:1)
	at org.openqa.selenium.support.ui.FluentWait.until(FluentWait.java:208)
	... 31 more
... Removed 32 stack frames
</div> <!-- stack-trace -->
                  <em>
(4.Search Product from All products dropdown and start AutoBid with COD payment - Functionality test)                  </em>
                </div> <!-- method-content -->
              </div> <!-- method -->
              <div class="method">
                <div class="method-content">
                  <a name="AutoBidFromMainCategoryandCardPayment">
                  </a> <!-- AutoBidFromMainCategoryandCardPayment -->
                  <span class="method-name">AutoBidFromMainCategoryandCardPayment</span>
                  <div class="stack-trace">org.openqa.selenium.TimeoutException: Expected condition failed: waiting for com.helper.SeleniumHelper$1@5939e24 (tried for 5 second(s) with 3000 milliseconds interval)
	at org.openqa.selenium.support.ui.WebDriverWait.timeoutException(WebDriverWait.java:87)
	at org.openqa.selenium.support.ui.FluentWait.until(FluentWait.java:231)
	at com.helper.SeleniumHelper.waitForElement(SeleniumHelper.java:395)
	at com.pages.PaymentMethodsPage.cardPaymentMethod(PaymentMethodsPage.java:167)
	at com.tests.AutoBidTest.AutoBidFromMainCategoryandCardPayment(AutoBidTest.java:31)
	at java.base/java.util.ArrayList.forEach(ArrayList.java:1511)
Caused by: org.openqa.selenium.NoSuchElementException: no such element: Unable to locate element: {&quot;method&quot;:&quot;xpath&quot;,&quot;selector&quot;:&quot;//div[contains(text(),&apos;to access Saved Cards&apos;)]&quot;}
  (Session info: chrome=105.0.5195.102)
For documentation on this error, please visit: https://selenium.dev/exceptions/#no_such_element
Build info: version: &apos;4.3.0&apos;, revision: &apos;a4995e2c09*&apos;
System info: host: &apos;DESKTOP-A62QDBA&apos;, ip: &apos;192.168.29.125&apos;, os.name: &apos;Windows 11&apos;, os.arch: &apos;amd64&apos;, os.version: &apos;10.0&apos;, java.version: &apos;17.0.3&apos;
Driver info: org.openqa.selenium.chrome.ChromeDriver
Command: [7e8e3a718864f0f7dadab625f8a7f853, findElement {using=xpath, value=//div[contains(text(),&apos;to access Saved Cards&apos;)]}]
Capabilities {acceptInsecureCerts: false, browserName: chrome, browserVersion: 105.0.5195.102, chrome: {chromedriverVersion: 105.0.5195.52 (412c95e51883..., userDataDir: C:\Users\Dell\AppData\Local...}, goog:chromeOptions: {debuggerAddress: localhost:63635}, networkConnectionEnabled: false, pageLoadStrategy: normal, platformName: WINDOWS, proxy: Proxy(), se:cdp: ws://localhost:63635/devtoo..., se:cdpVersion: 105.0.5195.102, setWindowRect: true, strictFileInteractability: false, timeouts: {implicit: 0, pageLoad: 300000, script: 30000}, unhandledPromptBehavior: dismiss and notify, webauthn:extension:credBlob: true, webauthn:extension:largeBlob: true, webauthn:virtualAuthenticators: true}
Session ID: 7e8e3a718864f0f7dadab625f8a7f853
	at org.openqa.selenium.remote.codec.w3c.W3CHttpResponseCodec.createException(W3CHttpResponseCodec.java:200)
	at org.openqa.selenium.remote.codec.w3c.W3CHttpResponseCodec.decode(W3CHttpResponseCodec.java:133)
	at org.openqa.selenium.remote.codec.w3c.W3CHttpResponseCodec.decode(W3CHttpResponseCodec.java:53)
	at org.openqa.selenium.remote.HttpCommandExecutor.execute(HttpCommandExecutor.java:184)
	at org.openqa.selenium.remote.service.DriverCommandExecutor.invokeExecute(DriverCommandExecutor.java:167)
	at org.openqa.selenium.remote.service.DriverCommandExecutor.execute(DriverCommandExecutor.java:142)
	at org.openqa.selenium.remote.RemoteWebDriver.execute(RemoteWebDriver.java:569)
	at org.openqa.selenium.remote.ElementLocation$ElementFinder$2.findElement(ElementLocation.java:162)
	at org.openqa.selenium.remote.ElementLocation.findElement(ElementLocation.java:60)
	at org.openqa.selenium.remote.RemoteWebDriver.findElement(RemoteWebDriver.java:387)
	at org.openqa.selenium.remote.RemoteWebDriver.findElement(RemoteWebDriver.java:379)
	at org.openqa.selenium.support.pagefactory.DefaultElementLocator.findElement(DefaultElementLocator.java:70)
	at org.openqa.selenium.support.pagefactory.internal.LocatingElementHandler.invoke(LocatingElementHandler.java:39)
	at jdk.proxy2/jdk.proxy2.$Proxy20.isDisplayed(Unknown Source)
	at com.helper.SeleniumHelper$1.apply(SeleniumHelper.java:404)
	at com.helper.SeleniumHelper$1.apply(SeleniumHelper.java:1)
	at org.openqa.selenium.support.ui.FluentWait.until(FluentWait.java:208)
	... 31 more
... Removed 32 stack frames
</div> <!-- stack-trace -->
                  <em>
(2.Search Product from Main category and start AutoBid with card payment - Functionality test)                  </em>
                </div> <!-- method-content -->
              </div> <!-- method -->
              <div class="method">
                <div class="method-content">
                  <a name="AutoBidFromSpecialityStoreandWalletPayment">
                  </a> <!-- AutoBidFromSpecialityStoreandWalletPayment -->
                  <span class="method-name">AutoBidFromSpecialityStoreandWalletPayment</span>
                  <div class="stack-trace">org.openqa.selenium.TimeoutException: Expected condition failed: waiting for com.helper.SeleniumHelper$1@4f2ac7e0 (tried for 5 second(s) with 3000 milliseconds interval)
	at org.openqa.selenium.support.ui.WebDriverWait.timeoutException(WebDriverWait.java:87)
	at org.openqa.selenium.support.ui.FluentWait.until(FluentWait.java:231)
	at com.helper.SeleniumHelper.waitForElement(SeleniumHelper.java:395)
	at com.pages.AutoBidPage.searchFromSpecialityStoreAndAutoBid(AutoBidPage.java:214)
	at com.tests.AutoBidTest.AutoBidFromSpecialityStoreandWalletPayment(AutoBidTest.java:39)
	at java.base/java.util.ArrayList.forEach(ArrayList.java:1511)
Caused by: org.openqa.selenium.NoSuchElementException: no such element: Unable to locate element: {&quot;method&quot;:&quot;xpath&quot;,&quot;selector&quot;:&quot;//div[text()=&apos;Type A Section1&apos;]//parent::div//following-sibling::div//div[@class=&apos;carousel-image-container&apos;]&quot;}
  (Session info: chrome=105.0.5195.102)
For documentation on this error, please visit: https://selenium.dev/exceptions/#no_such_element
Build info: version: &apos;4.3.0&apos;, revision: &apos;a4995e2c09*&apos;
System info: host: &apos;DESKTOP-A62QDBA&apos;, ip: &apos;192.168.29.125&apos;, os.name: &apos;Windows 11&apos;, os.arch: &apos;amd64&apos;, os.version: &apos;10.0&apos;, java.version: &apos;17.0.3&apos;
Driver info: org.openqa.selenium.chrome.ChromeDriver
Command: [7e8e3a718864f0f7dadab625f8a7f853, findElement {using=xpath, value=//div[text()=&apos;Type A Section1&apos;]//parent::div//following-sibling::div//div[@class=&apos;carousel-image-container&apos;]}]
Capabilities {acceptInsecureCerts: false, browserName: chrome, browserVersion: 105.0.5195.102, chrome: {chromedriverVersion: 105.0.5195.52 (412c95e51883..., userDataDir: C:\Users\Dell\AppData\Local...}, goog:chromeOptions: {debuggerAddress: localhost:63635}, networkConnectionEnabled: false, pageLoadStrategy: normal, platformName: WINDOWS, proxy: Proxy(), se:cdp: ws://localhost:63635/devtoo..., se:cdpVersion: 105.0.5195.102, setWindowRect: true, strictFileInteractability: false, timeouts: {implicit: 0, pageLoad: 300000, script: 30000}, unhandledPromptBehavior: dismiss and notify, webauthn:extension:credBlob: true, webauthn:extension:largeBlob: true, webauthn:virtualAuthenticators: true}
Session ID: 7e8e3a718864f0f7dadab625f8a7f853
	at org.openqa.selenium.remote.codec.w3c.W3CHttpResponseCodec.createException(W3CHttpResponseCodec.java:200)
	at org.openqa.selenium.remote.codec.w3c.W3CHttpResponseCodec.decode(W3CHttpResponseCodec.java:133)
	at org.openqa.selenium.remote.codec.w3c.W3CHttpResponseCodec.decode(W3CHttpResponseCodec.java:53)
	at org.openqa.selenium.remote.HttpCommandExecutor.execute(HttpCommandExecutor.java:184)
	at org.openqa.selenium.remote.service.DriverCommandExecutor.invokeExecute(DriverCommandExecutor.java:167)
	at org.openqa.selenium.remote.service.DriverCommandExecutor.execute(DriverCommandExecutor.java:142)
	at org.openqa.selenium.remote.RemoteWebDriver.execute(RemoteWebDriver.java:569)
	at org.openqa.selenium.remote.ElementLocation$ElementFinder$2.findElement(ElementLocation.java:162)
	at org.openqa.selenium.remote.ElementLocation.findElement(ElementLocation.java:60)
	at org.openqa.selenium.remote.RemoteWebDriver.findElement(RemoteWebDriver.java:387)
	at org.openqa.selenium.remote.RemoteWebDriver.findElement(RemoteWebDriver.java:379)
	at org.openqa.selenium.support.pagefactory.DefaultElementLocator.findElement(DefaultElementLocator.java:70)
	at org.openqa.selenium.support.pagefactory.internal.LocatingElementHandler.invoke(LocatingElementHandler.java:39)
	at jdk.proxy2/jdk.proxy2.$Proxy20.isDisplayed(Unknown Source)
	at com.helper.SeleniumHelper$1.apply(SeleniumHelper.java:404)
	at com.helper.SeleniumHelper$1.apply(SeleniumHelper.java:1)
	at org.openqa.selenium.support.ui.FluentWait.until(FluentWait.java:208)
	... 31 more
... Removed 32 stack frames
</div> <!-- stack-trace -->
                  <em>
(3.Search Product from Speciality Store and start AutoBid with wallet payment - Functionality test)                  </em>
                </div> <!-- method-content -->
              </div> <!-- method -->
            </div> <!-- main-panel-content rounded-window-bottom -->
          </div> <!-- suite-Suite-class-failed -->
          <div class="suite-Suite-class-failed">
            <div class="main-panel-header rounded-window-top">
              <img src="failed.png"/>
              <span class="class-name">com.tests.BuyNowTest</span>
            </div> <!-- main-panel-header rounded-window-top -->
            <div class="main-panel-content rounded-window-bottom">
              <div class="method">
                <div class="method-content">
                  <a name="BuyNowFromAllProductsDropdownandCODOption">
                  </a> <!-- BuyNowFromAllProductsDropdownandCODOption -->
                  <span class="method-name">BuyNowFromAllProductsDropdownandCODOption</span>
                  <div class="stack-trace">org.openqa.selenium.json.JsonException: java.lang.reflect.InvocationTargetException
Build info: version: &apos;4.3.0&apos;, revision: &apos;a4995e2c09*&apos;
System info: host: &apos;DESKTOP-A62QDBA&apos;, ip: &apos;192.168.29.125&apos;, os.name: &apos;Windows 11&apos;, os.arch: &apos;amd64&apos;, os.version: &apos;10.0&apos;, java.version: &apos;17.0.3&apos;
Driver info: org.openqa.selenium.chrome.ChromeDriver
Command: [54da8bd60a40e18920a4f54da05c2e9a, actions {actions=[org.openqa.selenium.interactions.Sequence@6eaa6b0c]}]
Capabilities {acceptInsecureCerts: false, browserName: chrome, browserVersion: 105.0.5195.102, chrome: {chromedriverVersion: 105.0.5195.52 (412c95e51883..., userDataDir: C:\Users\Dell\AppData\Local...}, goog:chromeOptions: {debuggerAddress: localhost:63799}, networkConnectionEnabled: false, pageLoadStrategy: normal, platformName: WINDOWS, proxy: Proxy(), se:cdp: ws://localhost:63799/devtoo..., se:cdpVersion: 105.0.5195.102, setWindowRect: true, strictFileInteractability: false, timeouts: {implicit: 0, pageLoad: 300000, script: 30000}, unhandledPromptBehavior: dismiss and notify, webauthn:extension:credBlob: true, webauthn:extension:largeBlob: true, webauthn:virtualAuthenticators: true}
Session ID: 54da8bd60a40e18920a4f54da05c2e9a
	at org.openqa.selenium.json.JsonOutput.convertUsingMethod(JsonOutput.java:362)
	at org.openqa.selenium.json.JsonOutput.lambda$new$16(JsonOutput.java:154)
	at org.openqa.selenium.json.JsonOutput.write(JsonOutput.java:287)
	at org.openqa.selenium.json.JsonOutput.lambda$new$22(JsonOutput.java:169)
	at java.base/java.util.stream.ForEachOps$ForEachOp$OfRef.accept(ForEachOps.java:183)
	at java.base/java.util.stream.ReferencePipeline$2$1.accept(ReferencePipeline.java:179)
	at java.base/java.util.Iterator.forEachRemaining(Iterator.java:133)
	at java.base/java.util.Spliterators$IteratorSpliterator.forEachRemaining(Spliterators.java:1845)
	at java.base/java.util.stream.AbstractPipeline.copyInto(AbstractPipeline.java:509)
	at java.base/java.util.stream.AbstractPipeline.wrapAndCopyInto(AbstractPipeline.java:499)
	at java.base/java.util.stream.ForEachOps$ForEachOp.evaluateSequential(ForEachOps.java:150)
	at java.base/java.util.stream.ForEachOps$ForEachOp$OfRef.evaluateSequential(ForEachOps.java:173)
	at java.base/java.util.stream.AbstractPipeline.evaluate(AbstractPipeline.java:234)
	at java.base/java.util.stream.ReferencePipeline.forEach(ReferencePipeline.java:596)
	at org.openqa.selenium.json.JsonOutput.lambda$new$23(JsonOutput.java:169)
	at org.openqa.selenium.json.JsonOutput.write(JsonOutput.java:287)
	at org.openqa.selenium.json.JsonOutput.lambda$new$24(JsonOutput.java:182)
	at com.google.common.collect.SingletonImmutableBiMap.forEach(SingletonImmutableBiMap.java:68)
	at org.openqa.selenium.json.JsonOutput.lambda$new$25(JsonOutput.java:177)
	at org.openqa.selenium.json.JsonOutput.write(JsonOutput.java:287)
	at org.openqa.selenium.json.JsonOutput.write(JsonOutput.java:278)
	at org.openqa.selenium.json.Json.toJson(Json.java:42)
	at org.openqa.selenium.remote.codec.AbstractHttpCommandCodec.encode(AbstractHttpCommandCodec.java:259)
	at org.openqa.selenium.remote.codec.AbstractHttpCommandCodec.encode(AbstractHttpCommandCodec.java:127)
	at org.openqa.selenium.remote.HttpCommandExecutor.execute(HttpCommandExecutor.java:172)
	at org.openqa.selenium.remote.service.DriverCommandExecutor.invokeExecute(DriverCommandExecutor.java:167)
	at org.openqa.selenium.remote.service.DriverCommandExecutor.execute(DriverCommandExecutor.java:142)
	at org.openqa.selenium.remote.RemoteWebDriver.execute(RemoteWebDriver.java:569)
	at org.openqa.selenium.remote.RemoteWebDriver.perform(RemoteWebDriver.java:637)
	at org.openqa.selenium.interactions.Actions$BuiltAction.perform(Actions.java:567)
	at com.helper.SeleniumHelper.moveToElementAndClickOnIt(SeleniumHelper.java:655)
	at com.pages.BuyNowPage.selectFromAllProductDropDownandBuyNow(BuyNowPage.java:185)
	at com.tests.BuyNowTest.BuyNowFromAllProductsDropdownandCODOption(BuyNowTest.java:50)
	at java.base/java.util.ArrayList.forEach(ArrayList.java:1511)
	Suppressed: org.openqa.selenium.json.JsonException: Attempting to close incomplete json stream
Build info: version: &apos;4.3.0&apos;, revision: &apos;a4995e2c09*&apos;
System info: host: &apos;DESKTOP-A62QDBA&apos;, ip: &apos;192.168.29.125&apos;, os.name: &apos;Windows 11&apos;, os.arch: &apos;amd64&apos;, os.version: &apos;10.0&apos;, java.version: &apos;17.0.3&apos;
Driver info: driver.version: RemoteWebDriver
		at org.openqa.selenium.json.JsonOutput.close(JsonOutput.java:303)
		at org.openqa.selenium.json.Json.toJson(Json.java:40)
		... 39 more
	at org.openqa.selenium.json.JsonOutput.convertUsingMethod(JsonOutput.java:358)
	... 60 more
Caused by: org.openqa.selenium.NoSuchElementException: no such element: Unable to locate element: {&quot;method&quot;:&quot;xpath&quot;,&quot;selector&quot;:&quot;//span[text()=&apos;All Products&apos;]&quot;}
  (Session info: chrome=105.0.5195.102)
For documentation on this error, please visit: https://selenium.dev/exceptions/#no_such_element
Build info: version: &apos;4.3.0&apos;, revision: &apos;a4995e2c09*&apos;
System info: host: &apos;DESKTOP-A62QDBA&apos;, ip: &apos;192.168.29.125&apos;, os.name: &apos;Windows 11&apos;, os.arch: &apos;amd64&apos;, os.version: &apos;10.0&apos;, java.version: &apos;17.0.3&apos;
Driver info: org.openqa.selenium.chrome.ChromeDriver
Command: [54da8bd60a40e18920a4f54da05c2e9a, findElement {using=xpath, value=//span[text()=&apos;All Products&apos;]}]
Capabilities {acceptInsecureCerts: false, browserName: chrome, browserVersion: 105.0.5195.102, chrome: {chromedriverVersion: 105.0.5195.52 (412c95e51883..., userDataDir: C:\Users\Dell\AppData\Local...}, goog:chromeOptions: {debuggerAddress: localhost:63799}, networkConnectionEnabled: false, pageLoadStrategy: normal, platformName: WINDOWS, proxy: Proxy(), se:cdp: ws://localhost:63799/devtoo..., se:cdpVersion: 105.0.5195.102, setWindowRect: true, strictFileInteractability: false, timeouts: {implicit: 0, pageLoad: 300000, script: 30000}, unhandledPromptBehavior: dismiss and notify, webauthn:extension:credBlob: true, webauthn:extension:largeBlob: true, webauthn:virtualAuthenticators: true}
Session ID: 54da8bd60a40e18920a4f54da05c2e9a
	at org.openqa.selenium.remote.codec.w3c.W3CHttpResponseCodec.createException(W3CHttpResponseCodec.java:200)
	at org.openqa.selenium.remote.codec.w3c.W3CHttpResponseCodec.decode(W3CHttpResponseCodec.java:133)
	at org.openqa.selenium.remote.codec.w3c.W3CHttpResponseCodec.decode(W3CHttpResponseCodec.java:53)
	at org.openqa.selenium.remote.HttpCommandExecutor.execute(HttpCommandExecutor.java:184)
	at org.openqa.selenium.remote.service.DriverCommandExecutor.invokeExecute(DriverCommandExecutor.java:167)
	at org.openqa.selenium.remote.service.DriverCommandExecutor.execute(DriverCommandExecutor.java:142)
	at org.openqa.selenium.remote.RemoteWebDriver.execute(RemoteWebDriver.java:569)
	at org.openqa.selenium.remote.ElementLocation$ElementFinder$2.findElement(ElementLocation.java:162)
	at org.openqa.selenium.remote.ElementLocation.findElement(ElementLocation.java:60)
	at org.openqa.selenium.remote.RemoteWebDriver.findElement(RemoteWebDriver.java:387)
	at org.openqa.selenium.remote.RemoteWebDriver.findElement(RemoteWebDriver.java:379)
	at org.openqa.selenium.support.pagefactory.DefaultElementLocator.findElement(DefaultElementLocator.java:70)
	at org.openqa.selenium.support.pagefactory.internal.LocatingElementHandler.invoke(LocatingElementHandler.java:39)
	at jdk.proxy2/jdk.proxy2.$Proxy20.getWrappedElement(Unknown Source)
	at org.openqa.selenium.interactions.PointerInput$Origin.asArg(PointerInput.java:260)
	at org.openqa.selenium.interactions.PointerInput$Move.encode(PointerInput.java:209)
	at org.openqa.selenium.interactions.Sequence.encode(Sequence.java:73)
	at org.openqa.selenium.interactions.Sequence.toJson(Sequence.java:82)
	... 65 more
... Removed 36 stack frames
</div> <!-- stack-trace -->
                  <em>
(Search Product from All products dropdown and BuyNow with COD payment - Functionality test)                  </em>
                </div> <!-- method-content -->
              </div> <!-- method -->
              <div class="method">
                <div class="method-content">
                  <a name="BuyNowFromMainCategoryandCardPayment">
                  </a> <!-- BuyNowFromMainCategoryandCardPayment -->
                  <span class="method-name">BuyNowFromMainCategoryandCardPayment</span>
                  <div class="stack-trace">org.openqa.selenium.TimeoutException: Expected condition failed: waiting for com.helper.SeleniumHelper$1@31940704 (tried for 5 second(s) with 3000 milliseconds interval)
	at org.openqa.selenium.support.ui.WebDriverWait.timeoutException(WebDriverWait.java:87)
	at org.openqa.selenium.support.ui.FluentWait.until(FluentWait.java:231)
	at com.helper.SeleniumHelper.waitForElement(SeleniumHelper.java:395)
	at com.pages.PaymentMethodsPage.cardPaymentMethod(PaymentMethodsPage.java:167)
	at com.tests.BuyNowTest.BuyNowFromMainCategoryandCardPayment(BuyNowTest.java:32)
	at java.base/java.util.ArrayList.forEach(ArrayList.java:1511)
Caused by: org.openqa.selenium.NoSuchElementException: no such element: Unable to locate element: {&quot;method&quot;:&quot;xpath&quot;,&quot;selector&quot;:&quot;//div[contains(text(),&apos;to access Saved Cards&apos;)]&quot;}
  (Session info: chrome=105.0.5195.102)
For documentation on this error, please visit: https://selenium.dev/exceptions/#no_such_element
Build info: version: &apos;4.3.0&apos;, revision: &apos;a4995e2c09*&apos;
System info: host: &apos;DESKTOP-A62QDBA&apos;, ip: &apos;192.168.29.125&apos;, os.name: &apos;Windows 11&apos;, os.arch: &apos;amd64&apos;, os.version: &apos;10.0&apos;, java.version: &apos;17.0.3&apos;
Driver info: org.openqa.selenium.chrome.ChromeDriver
Command: [54da8bd60a40e18920a4f54da05c2e9a, findElement {using=xpath, value=//div[contains(text(),&apos;to access Saved Cards&apos;)]}]
Capabilities {acceptInsecureCerts: false, browserName: chrome, browserVersion: 105.0.5195.102, chrome: {chromedriverVersion: 105.0.5195.52 (412c95e51883..., userDataDir: C:\Users\Dell\AppData\Local...}, goog:chromeOptions: {debuggerAddress: localhost:63799}, networkConnectionEnabled: false, pageLoadStrategy: normal, platformName: WINDOWS, proxy: Proxy(), se:cdp: ws://localhost:63799/devtoo..., se:cdpVersion: 105.0.5195.102, setWindowRect: true, strictFileInteractability: false, timeouts: {implicit: 0, pageLoad: 300000, script: 30000}, unhandledPromptBehavior: dismiss and notify, webauthn:extension:credBlob: true, webauthn:extension:largeBlob: true, webauthn:virtualAuthenticators: true}
Session ID: 54da8bd60a40e18920a4f54da05c2e9a
	at org.openqa.selenium.remote.codec.w3c.W3CHttpResponseCodec.createException(W3CHttpResponseCodec.java:200)
	at org.openqa.selenium.remote.codec.w3c.W3CHttpResponseCodec.decode(W3CHttpResponseCodec.java:133)
	at org.openqa.selenium.remote.codec.w3c.W3CHttpResponseCodec.decode(W3CHttpResponseCodec.java:53)
	at org.openqa.selenium.remote.HttpCommandExecutor.execute(HttpCommandExecutor.java:184)
	at org.openqa.selenium.remote.service.DriverCommandExecutor.invokeExecute(DriverCommandExecutor.java:167)
	at org.openqa.selenium.remote.service.DriverCommandExecutor.execute(DriverCommandExecutor.java:142)
	at org.openqa.selenium.remote.RemoteWebDriver.execute(RemoteWebDriver.java:569)
	at org.openqa.selenium.remote.ElementLocation$ElementFinder$2.findElement(ElementLocation.java:162)
	at org.openqa.selenium.remote.ElementLocation.findElement(ElementLocation.java:60)
	at org.openqa.selenium.remote.RemoteWebDriver.findElement(RemoteWebDriver.java:387)
	at org.openqa.selenium.remote.RemoteWebDriver.findElement(RemoteWebDriver.java:379)
	at org.openqa.selenium.support.pagefactory.DefaultElementLocator.findElement(DefaultElementLocator.java:70)
	at org.openqa.selenium.support.pagefactory.internal.LocatingElementHandler.invoke(LocatingElementHandler.java:39)
	at jdk.proxy2/jdk.proxy2.$Proxy20.isDisplayed(Unknown Source)
	at com.helper.SeleniumHelper$1.apply(SeleniumHelper.java:404)
	at com.helper.SeleniumHelper$1.apply(SeleniumHelper.java:1)
	at org.openqa.selenium.support.ui.FluentWait.until(FluentWait.java:208)
	... 31 more
... Removed 31 stack frames
</div> <!-- stack-trace -->
                  <em>
(Search Product from Main category and BuyNow with card payment - Functionality test)                  </em>
                </div> <!-- method-content -->
              </div> <!-- method -->
              <div class="method">
                <div class="method-content">
                  <a name="BuyNowFromSpecialityStoreandWalletPayment">
                  </a> <!-- BuyNowFromSpecialityStoreandWalletPayment -->
                  <span class="method-name">BuyNowFromSpecialityStoreandWalletPayment</span>
                  <div class="stack-trace">org.openqa.selenium.TimeoutException: Expected condition failed: waiting for visibility of Proxy element for: DefaultElementLocator &apos;By.xpath: //span[text() = &apos;Confirm&apos;]&apos; (tried for 5 second(s) with 500 milliseconds interval)
	at org.openqa.selenium.support.ui.WebDriverWait.timeoutException(WebDriverWait.java:87)
	at org.openqa.selenium.support.ui.FluentWait.until(FluentWait.java:231)
	at com.helper.SeleniumHelper.waitForElementVisible(SeleniumHelper.java:426)
	at com.pages.BuyNowPage.specialityStoreandBuyNow(BuyNowPage.java:205)
	at com.tests.BuyNowTest.BuyNowFromSpecialityStoreandWalletPayment(BuyNowTest.java:40)
	at java.base/java.util.ArrayList.forEach(ArrayList.java:1511)
Caused by: org.openqa.selenium.NoSuchElementException: no such element: Unable to locate element: {&quot;method&quot;:&quot;xpath&quot;,&quot;selector&quot;:&quot;//span[text() = &apos;Confirm&apos;]&quot;}
  (Session info: chrome=105.0.5195.102)
For documentation on this error, please visit: https://selenium.dev/exceptions/#no_such_element
Build info: version: &apos;4.3.0&apos;, revision: &apos;a4995e2c09*&apos;
System info: host: &apos;DESKTOP-A62QDBA&apos;, ip: &apos;192.168.29.125&apos;, os.name: &apos;Windows 11&apos;, os.arch: &apos;amd64&apos;, os.version: &apos;10.0&apos;, java.version: &apos;17.0.3&apos;
Driver info: org.openqa.selenium.chrome.ChromeDriver
Command: [54da8bd60a40e18920a4f54da05c2e9a, findElement {using=xpath, value=//span[text() = &apos;Confirm&apos;]}]
Capabilities {acceptInsecureCerts: false, browserName: chrome, browserVersion: 105.0.5195.102, chrome: {chromedriverVersion: 105.0.5195.52 (412c95e51883..., userDataDir: C:\Users\Dell\AppData\Local...}, goog:chromeOptions: {debuggerAddress: localhost:63799}, networkConnectionEnabled: false, pageLoadStrategy: normal, platformName: WINDOWS, proxy: Proxy(), se:cdp: ws://localhost:63799/devtoo..., se:cdpVersion: 105.0.5195.102, setWindowRect: true, strictFileInteractability: false, timeouts: {implicit: 0, pageLoad: 300000, script: 30000}, unhandledPromptBehavior: dismiss and notify, webauthn:extension:credBlob: true, webauthn:extension:largeBlob: true, webauthn:virtualAuthenticators: true}
Session ID: 54da8bd60a40e18920a4f54da05c2e9a
	at org.openqa.selenium.remote.codec.w3c.W3CHttpResponseCodec.createException(W3CHttpResponseCodec.java:200)
	at org.openqa.selenium.remote.codec.w3c.W3CHttpResponseCodec.decode(W3CHttpResponseCodec.java:133)
	at org.openqa.selenium.remote.codec.w3c.W3CHttpResponseCodec.decode(W3CHttpResponseCodec.java:53)
	at org.openqa.selenium.remote.HttpCommandExecutor.execute(HttpCommandExecutor.java:184)
	at org.openqa.selenium.remote.service.DriverCommandExecutor.invokeExecute(DriverCommandExecutor.java:167)
	at org.openqa.selenium.remote.service.DriverCommandExecutor.execute(DriverCommandExecutor.java:142)
	at org.openqa.selenium.remote.RemoteWebDriver.execute(RemoteWebDriver.java:569)
	at org.openqa.selenium.remote.ElementLocation$ElementFinder$2.findElement(ElementLocation.java:162)
	at org.openqa.selenium.remote.ElementLocation.findElement(ElementLocation.java:60)
	at org.openqa.selenium.remote.RemoteWebDriver.findElement(RemoteWebDriver.java:387)
	at org.openqa.selenium.remote.RemoteWebDriver.findElement(RemoteWebDriver.java:379)
	at org.openqa.selenium.support.pagefactory.DefaultElementLocator.findElement(DefaultElementLocator.java:70)
	at org.openqa.selenium.support.pagefactory.internal.LocatingElementHandler.invoke(LocatingElementHandler.java:39)
	at jdk.proxy2/jdk.proxy2.$Proxy20.isDisplayed(Unknown Source)
	at org.openqa.selenium.support.ui.ExpectedConditions.elementIfVisible(ExpectedConditions.java:307)
	at org.openqa.selenium.support.ui.ExpectedConditions.access$000(ExpectedConditions.java:40)
	at org.openqa.selenium.support.ui.ExpectedConditions$10.apply(ExpectedConditions.java:293)
	at org.openqa.selenium.support.ui.ExpectedConditions$10.apply(ExpectedConditions.java:290)
	at org.openqa.selenium.support.ui.FluentWait.until(FluentWait.java:208)
	... 31 more
... Removed 31 stack frames
</div> <!-- stack-trace -->
                  <em>
(Search Product from Speciality Store and BuyNow with wallet payment - Functionality test)                  </em>
                </div> <!-- method-content -->
              </div> <!-- method -->
            </div> <!-- main-panel-content rounded-window-bottom -->
          </div> <!-- suite-Suite-class-failed -->
          <div class="suite-Suite-class-failed">
            <div class="main-panel-header rounded-window-top">
              <img src="failed.png"/>
              <span class="class-name">com.tests.ProfileTest</span>
            </div> <!-- main-panel-header rounded-window-top -->
            <div class="main-panel-content rounded-window-bottom">
              <div class="method">
                <div class="method-content">
                  <a name="PersonalInformationUpdate">
                  </a> <!-- PersonalInformationUpdate -->
                  <span class="method-name">PersonalInformationUpdate</span>
                  <div class="stack-trace">java.lang.AssertionError: Updated Successfully message is not displaying expected [true] but found [false]
	at com.pages.ProfilePage.profileupdate(ProfilePage.java:195)
	at com.tests.ProfileTest.PersonalInformationUpdate(ProfileTest.java:17)
	at java.base/java.util.ArrayList.forEach(ArrayList.java:1511)
... Removed 30 stack frames
</div> <!-- stack-trace -->
                  <em>
(1. Validating Profile Update Functionality!)                  </em>
                </div> <!-- method-content -->
              </div> <!-- method -->
            </div> <!-- main-panel-content rounded-window-bottom -->
          </div> <!-- suite-Suite-class-failed -->
          <div class="suite-Suite-class-passed">
            <div class="main-panel-header rounded-window-top">
              <img src="passed.png"/>
              <span class="class-name">com.tests.SearchandFilterTest</span>
            </div> <!-- main-panel-header rounded-window-top -->
            <div class="main-panel-content rounded-window-bottom">
              <div class="method">
                <div class="method-content">
                  <a name="SearchandFiltercheck">
                  </a> <!-- SearchandFiltercheck -->
                  <span class="method-name">SearchandFiltercheck</span>
                  <em>
(1. Validating Search and Filter!)                  </em>
                </div> <!-- method-content -->
              </div> <!-- method -->
            </div> <!-- main-panel-content rounded-window-bottom -->
          </div> <!-- suite-Suite-class-passed -->
          <div class="suite-Suite-class-passed">
            <div class="main-panel-header rounded-window-top">
              <img src="passed.png"/>
              <span class="class-name">com.tests.StartAuctionTest</span>
            </div> <!-- main-panel-header rounded-window-top -->
            <div class="main-panel-content rounded-window-bottom">
              <div class="method">
                <div class="method-content">
                  <a name="StartAuctionWay0">
                  </a> <!-- StartAuctionWay0 -->
                  <span class="method-name">StartAuctionWay0</span>
                  <em>
(1. Search a Product and Start the Auction!)                  </em>
                </div> <!-- method-content -->
              </div> <!-- method -->
            </div> <!-- main-panel-content rounded-window-bottom -->
          </div> <!-- suite-Suite-class-passed -->
          <div class="suite-Suite-class-passed">
            <div class="main-panel-header rounded-window-top">
              <img src="passed.png"/>
              <span class="class-name">com.tests.LoginTest</span>
            </div> <!-- main-panel-header rounded-window-top -->
            <div class="main-panel-content rounded-window-bottom">
              <div class="method">
                <div class="method-content">
                  <a name="loginPage">
                  </a> <!-- loginPage -->
                  <span class="method-name">loginPage</span>
                  <em>
(Validating Email/Pass Login Functionality)                  </em>
                </div> <!-- method-content -->
              </div> <!-- method -->
            </div> <!-- main-panel-content rounded-window-bottom -->
          </div> <!-- suite-Suite-class-passed -->
          <div class="suite-Suite-class-passed">
            <div class="main-panel-header rounded-window-top">
              <img src="passed.png"/>
              <span class="class-name">com.tests.BuyNowTest</span>
            </div> <!-- main-panel-header rounded-window-top -->
            <div class="main-panel-content rounded-window-bottom">
              <div class="method">
                <div class="method-content">
                  <a name="BuyNowSearchProducyUsingKeywordandNetBankingPayment">
                  </a> <!-- BuyNowSearchProducyUsingKeywordandNetBankingPayment -->
                  <span class="method-name">BuyNowSearchProducyUsingKeywordandNetBankingPayment</span>
                  <em>
(1. Search Product by 'keywordsearch' and BuyNow with Netbanking payment - Functionality test)                  </em>
                </div> <!-- method-content -->
              </div> <!-- method -->
            </div> <!-- main-panel-content rounded-window-bottom -->
          </div> <!-- suite-Suite-class-passed -->
          <div class="suite-Suite-class-passed">
            <div class="main-panel-header rounded-window-top">
              <img src="passed.png"/>
              <span class="class-name">com.tests.AutoBidTest</span>
            </div> <!-- main-panel-header rounded-window-top -->
            <div class="main-panel-content rounded-window-bottom">
              <div class="method">
                <div class="method-content">
                  <a name="AutoBidByKeywordSearchandNetBankingPayment">
                  </a> <!-- AutoBidByKeywordSearchandNetBankingPayment -->
                  <span class="method-name">AutoBidByKeywordSearchandNetBankingPayment</span>
                  <em>
(1.Search Product by 'keywordsearch' and start AutoBid with Netbanking payment - Functionality test)                  </em>
                </div> <!-- method-content -->
              </div> <!-- method -->
            </div> <!-- main-panel-content rounded-window-bottom -->
          </div> <!-- suite-Suite-class-passed -->
          <div class="suite-Suite-class-passed">
            <div class="main-panel-header rounded-window-top">
              <img src="passed.png"/>
              <span class="class-name">com.tests.LoginOTPTest$LoginTest</span>
            </div> <!-- main-panel-header rounded-window-top -->
            <div class="main-panel-content rounded-window-bottom">
              <div class="method">
                <div class="method-content">
                  <a name="LoginwithOTP">
                  </a> <!-- LoginwithOTP -->
                  <span class="method-name">LoginwithOTP</span>
                  <em>
(Validating Login with OTP Functionality)                  </em>
                </div> <!-- method-content -->
              </div> <!-- method -->
            </div> <!-- main-panel-content rounded-window-bottom -->
          </div> <!-- suite-Suite-class-passed -->
          <div class="suite-Suite-class-passed">
            <div class="main-panel-header rounded-window-top">
              <img src="passed.png"/>
              <span class="class-name">com.tests.SignUpTest</span>
            </div> <!-- main-panel-header rounded-window-top -->
            <div class="main-panel-content rounded-window-bottom">
              <div class="method">
                <div class="method-content">
                  <a name="SignUpPage">
                  </a> <!-- SignUpPage -->
                  <span class="method-name">SignUpPage</span>
                  <em>
(Sign Up Functionality Testing)                  </em>
                </div> <!-- method-content -->
              </div> <!-- method -->
            </div> <!-- main-panel-content rounded-window-bottom -->
          </div> <!-- suite-Suite-class-passed -->
          <div class="suite-Suite-class-passed">
            <div class="main-panel-header rounded-window-top">
              <img src="passed.png"/>
              <span class="class-name">com.tests.CouponsTest</span>
            </div> <!-- main-panel-header rounded-window-top -->
            <div class="main-panel-content rounded-window-bottom">
              <div class="method">
                <div class="method-content">
                  <a name="Couponapplyverfication">
                  </a> <!-- Couponapplyverfication -->
                  <span class="method-name">Couponapplyverfication</span>
                  <em>
(2. Couponapplyverfication Check!)                  </em>
                </div> <!-- method-content -->
              </div> <!-- method -->
              <div class="method">
                <div class="method-content">
                  <a name="ReferralPage">
                  </a> <!-- ReferralPage -->
                  <span class="method-name">ReferralPage</span>
                  <em>
(1. Referral Page Check!)                  </em>
                </div> <!-- method-content -->
              </div> <!-- method -->
            </div> <!-- main-panel-content rounded-window-bottom -->
          </div> <!-- suite-Suite-class-passed -->
          <div class="suite-Suite-class-passed">
            <div class="main-panel-header rounded-window-top">
              <img src="passed.png"/>
              <span class="class-name">com.tests.DashboardTest</span>
            </div> <!-- main-panel-header rounded-window-top -->
            <div class="main-panel-content rounded-window-bottom">
              <div class="method">
                <div class="method-content">
                  <a name="DashboardBottomBanner">
                  </a> <!-- DashboardBottomBanner -->
                  <span class="method-name">DashboardBottomBanner</span>
                  <em>
(2. Bottom Banner Details & Links Check!)                  </em>
                </div> <!-- method-content -->
              </div> <!-- method -->
              <div class="method">
                <div class="method-content">
                  <a name="DashboardTopBar">
                  </a> <!-- DashboardTopBar -->
                  <span class="method-name">DashboardTopBar</span>
                  <em>
(1. Top Bar Hyperlinks Check!)                  </em>
                </div> <!-- method-content -->
              </div> <!-- method -->
              <div class="method">
                <div class="method-content">
                  <a name="DashboardTotalAuctionandDeals">
                  </a> <!-- DashboardTotalAuctionandDeals -->
                  <span class="method-name">DashboardTotalAuctionandDeals</span>
                  <em>
(3.Validate Total auction and Total Deals and check)                  </em>
                </div> <!-- method-content -->
              </div> <!-- method -->
              <div class="method">
                <div class="method-content">
                  <a name="DealsAndAuctionRedirecting">
                  </a> <!-- DealsAndAuctionRedirecting -->
                  <span class="method-name">DealsAndAuctionRedirecting</span>
                  <em>
(6. Validate redirecting to Home and ProfilePage and view functionality in Total deals and Total Auction)                  </em>
                </div> <!-- method-content -->
              </div> <!-- method -->
              <div class="method">
                <div class="method-content">
                  <a name="FilterCheck">
                  </a> <!-- FilterCheck -->
                  <span class="method-name">FilterCheck</span>
                  <em>
(5. Validate Total auction and total deals filter functionality!)                  </em>
                </div> <!-- method-content -->
              </div> <!-- method -->
              <div class="method">
                <div class="method-content">
                  <a name="Productrequestcheck">
                  </a> <!-- Productrequestcheck -->
                  <span class="method-name">Productrequestcheck</span>
                  <em>
(4. Validate Product Request!)                  </em>
                </div> <!-- method-content -->
              </div> <!-- method -->
            </div> <!-- main-panel-content rounded-window-bottom -->
          </div> <!-- suite-Suite-class-passed -->
          <div class="suite-Suite-class-passed">
            <div class="main-panel-header rounded-window-top">
              <img src="passed.png"/>
              <span class="class-name">com.tests.ProfileTest</span>
            </div> <!-- main-panel-header rounded-window-top -->
            <div class="main-panel-content rounded-window-bottom">
              <div class="method">
                <div class="method-content">
                  <a name="AddDeliveryAddress">
                  </a> <!-- AddDeliveryAddress -->
                  <span class="method-name">AddDeliveryAddress</span>
                  <em>
(5. Validating Add New Delivery Address!)                  </em>
                </div> <!-- method-content -->
              </div> <!-- method -->
              <div class="method">
                <div class="method-content">
                  <a name="DeleteDeliveryAddress">
                  </a> <!-- DeleteDeliveryAddress -->
                  <span class="method-name">DeleteDeliveryAddress</span>
                  <em>
(7. Validating Delete Delivery Address!)                  </em>
                </div> <!-- method-content -->
              </div> <!-- method -->
              <div class="method">
                <div class="method-content">
                  <a name="EditDeliveryAddress">
                  </a> <!-- EditDeliveryAddress -->
                  <span class="method-name">EditDeliveryAddress</span>
                  <em>
(6. Validating Edit Delivery Address!)                  </em>
                </div> <!-- method-content -->
              </div> <!-- method -->
              <div class="method">
                <div class="method-content">
                  <a name="PasswordUpdate">
                  </a> <!-- PasswordUpdate -->
                  <span class="method-name">PasswordUpdate</span>
                  <em>
(4. Validating Password Change!)                  </em>
                </div> <!-- method-content -->
              </div> <!-- method -->
              <div class="method">
                <div class="method-content">
                  <a name="PhonenumberUpdate">
                  </a> <!-- PhonenumberUpdate -->
                  <span class="method-name">PhonenumberUpdate</span>
                  <em>
(3. Validating Phone Number Change!)                  </em>
                </div> <!-- method-content -->
              </div> <!-- method -->
              <div class="method">
                <div class="method-content">
                  <a name="Profileimageupload">
                  </a> <!-- Profileimageupload -->
                  <span class="method-name">Profileimageupload</span>
                  <em>
(2. Validating Profile Image Upload Functionality!)                  </em>
                </div> <!-- method-content -->
              </div> <!-- method -->
            </div> <!-- main-panel-content rounded-window-bottom -->
          </div> <!-- suite-Suite-class-passed -->
        </div> <!-- panel Suite -->
        <div panel-name="test-xml-Suite" class="panel">
          <div class="main-panel-header rounded-window-top">
            <span class="header-content">C:\Users\Dell\git\jb-webbuyer-automation\JingleBid\JingleBid\regression.xml</span>
          </div> <!-- main-panel-header rounded-window-top -->
          <div class="main-panel-content rounded-window-bottom">
            <pre>
&lt;?xml version=&quot;1.0&quot; encoding=&quot;UTF-8&quot;?&gt;
&lt;!DOCTYPE suite SYSTEM &quot;https://testng.org/testng-1.0.dtd&quot;&gt;
&lt;suite name=&quot;Suite&quot; guice-stage=&quot;DEVELOPMENT&quot;&gt;
  &lt;test thread-count=&quot;2&quot; name=&quot;Regression Test Part 1&quot;&gt;
    &lt;classes&gt;
      &lt;class name=&quot;com.tests.LoginTest&quot;/&gt;
      &lt;class name=&quot;com.tests.StartAuctionTest&quot;&gt;
        &lt;methods&gt;
          &lt;include name=&quot;StartAuctionWay0&quot;/&gt;
          &lt;exclude name=&quot;StartAuctionWay1&quot;/&gt;
          &lt;exclude name=&quot;StartAuctionWay2&quot;/&gt;
          &lt;exclude name=&quot;StartAuctionWay3&quot;/&gt;
        &lt;/methods&gt;
      &lt;/class&gt; &lt;!-- com.tests.StartAuctionTest --&gt;
      &lt;class name=&quot;com.tests.AutoBidTest&quot;&gt;
        &lt;methods&gt;
          &lt;include name=&quot;AutoBidByKeywordSearchandNetBankingPayment&quot;/&gt;
          &lt;include name=&quot;AutoBidFromMainCategoryandCardPayment&quot;/&gt;
          &lt;include name=&quot;AutoBidFromSpecialityStoreandWalletPayment&quot;/&gt;
          &lt;include name=&quot;AutoBidFromAllProductsDropdownandCODOption&quot;/&gt;
        &lt;/methods&gt;
      &lt;/class&gt; &lt;!-- com.tests.AutoBidTest --&gt;
      &lt;class name=&quot;com.tests.BuyNowTest&quot;&gt;
        &lt;methods&gt;
          &lt;include name=&quot;BuyNowSearchProducyUsingKeywordandNetBankingPayment&quot;/&gt;
          &lt;include name=&quot;BuyNowFromMainCategoryandCardPayment&quot;/&gt;
          &lt;include name=&quot;BuyNowFromSpecialityStoreandWalletPayment&quot;/&gt;
          &lt;include name=&quot;BuyNowFromAllProductsDropdownandCODOption&quot;/&gt;
        &lt;/methods&gt;
      &lt;/class&gt; &lt;!-- com.tests.BuyNowTest --&gt;
      &lt;class name=&quot;com.tests.ProfileTest&quot;&gt;
        &lt;methods&gt;
          &lt;include name=&quot;PersonalInformationUpdate&quot;/&gt;
          &lt;include name=&quot;Profileimageupload&quot;/&gt;
          &lt;include name=&quot;PhonenumberUpdate&quot;/&gt;
          &lt;include name=&quot;PasswordUpdate&quot;/&gt;
          &lt;include name=&quot;AddDeliveryAddress&quot;/&gt;
          &lt;include name=&quot;EditDeliveryAddress&quot;/&gt;
          &lt;include name=&quot;DeleteDeliveryAddress&quot;/&gt;
        &lt;/methods&gt;
      &lt;/class&gt; &lt;!-- com.tests.ProfileTest --&gt;
      &lt;class name=&quot;com.tests.DashboardTest&quot;&gt;
        &lt;methods&gt;
          &lt;include name=&quot;DashboardTopBar&quot;/&gt;
          &lt;include name=&quot;Productrequestcheck&quot;/&gt;
          &lt;include name=&quot;DashboardBottomBanner&quot;/&gt;
          &lt;include name=&quot;DashboardTotalAuctionandDeals&quot;/&gt;
          &lt;include name=&quot;FilterCheck&quot;/&gt;
          &lt;include name=&quot;DealsAndAuctionRedirecting&quot;/&gt;
        &lt;/methods&gt;
      &lt;/class&gt; &lt;!-- com.tests.DashboardTest --&gt;
      &lt;class name=&quot;com.tests.CouponsTest&quot;&gt;
        &lt;methods&gt;
          &lt;include name=&quot;ReferralPage&quot;/&gt;
          &lt;include name=&quot;Couponapplyverfication&quot;/&gt;
        &lt;/methods&gt;
      &lt;/class&gt; &lt;!-- com.tests.CouponsTest --&gt;
      &lt;class name=&quot;com.tests.SearchandFilterTest&quot;&gt;
        &lt;methods&gt;
          &lt;include name=&quot;SearchandFiltercheck&quot;/&gt;
        &lt;/methods&gt;
      &lt;/class&gt; &lt;!-- com.tests.SearchandFilterTest --&gt;
      &lt;class name=&quot;com.tests.SignUpTest&quot;&gt;
        &lt;methods&gt;
          &lt;include name=&quot;SignUpPage&quot;/&gt;
        &lt;/methods&gt;
      &lt;/class&gt; &lt;!-- com.tests.SignUpTest --&gt;
      &lt;class name=&quot;com.tests.LoginOTPTest&quot;&gt;
        &lt;methods&gt;
          &lt;include name=&quot;LoginwithOTP&quot;/&gt;
        &lt;/methods&gt;
      &lt;/class&gt; &lt;!-- com.tests.LoginOTPTest --&gt;
    &lt;/classes&gt;
  &lt;/test&gt; &lt;!-- Regression Test Part 1 --&gt;
&lt;/suite&gt; &lt;!-- Suite --&gt;
            </pre>
          </div> <!-- main-panel-content rounded-window-bottom -->
        </div> <!-- panel -->
        <div panel-name="testlist-Suite" class="panel">
          <div class="main-panel-header rounded-window-top">
            <span class="header-content">Tests for Suite</span>
          </div> <!-- main-panel-header rounded-window-top -->
          <div class="main-panel-content rounded-window-bottom">
            <ul>
              <li>
                <span class="test-name">Regression Test Part 1 (10 classes)</span>
              </li>
            </ul>
          </div> <!-- main-panel-content rounded-window-bottom -->
        </div> <!-- panel -->
        <div panel-name="group-Suite" class="panel">
          <div class="main-panel-header rounded-window-top">
            <span class="header-content">Groups for Suite</span>
          </div> <!-- main-panel-header rounded-window-top -->
          <div class="main-panel-content rounded-window-bottom">
          </div> <!-- main-panel-content rounded-window-bottom -->
        </div> <!-- panel -->
        <div panel-name="times-Suite" class="panel">
          <div class="main-panel-header rounded-window-top">
            <span class="header-content">Times for Suite</span>
          </div> <!-- main-panel-header rounded-window-top -->
          <div class="main-panel-content rounded-window-bottom">
            <div class="times-div">
              <script type="text/javascript">
suiteTableInitFunctions.push('tableData_Suite');
function tableData_Suite() {
var data = new google.visualization.DataTable();
data.addColumn('number', 'Number');
data.addColumn('string', 'Method');
data.addColumn('string', 'Class');
data.addColumn('number', 'Time (ms)');
data.addRows(28);
data.setCell(0, 0, 0)
data.setCell(0, 1, 'SearchandFiltercheck')
data.setCell(0, 2, 'com.tests.SearchandFilterTest')
data.setCell(0, 3, 188478);
data.setCell(1, 0, 1)
data.setCell(1, 1, 'BuyNowFromSpecialityStoreandWalletPayment')
data.setCell(1, 2, 'com.tests.BuyNowTest')
data.setCell(1, 3, 100397);
data.setCell(2, 0, 2)
data.setCell(2, 1, 'BuyNowSearchProducyUsingKeywordandNetBankingPayment')
data.setCell(2, 2, 'com.tests.BuyNowTest')
data.setCell(2, 3, 65414);
data.setCell(3, 0, 3)
data.setCell(3, 1, 'BuyNowFromMainCategoryandCardPayment')
data.setCell(3, 2, 'com.tests.BuyNowTest')
data.setCell(3, 3, 57597);
data.setCell(4, 0, 4)
data.setCell(4, 1, 'AutoBidFromMainCategoryandCardPayment')
data.setCell(4, 2, 'com.tests.AutoBidTest')
data.setCell(4, 3, 53826);
data.setCell(5, 0, 5)
data.setCell(5, 1, 'FilterCheck')
data.setCell(5, 2, 'com.tests.DashboardTest')
data.setCell(5, 3, 42829);
data.setCell(6, 0, 6)
data.setCell(6, 1, 'AutoBidFromSpecialityStoreandWalletPayment')
data.setCell(6, 2, 'com.tests.AutoBidTest')
data.setCell(6, 3, 40167);
data.setCell(7, 0, 7)
data.setCell(7, 1, 'AutoBidFromAllProductsDropdownandCODOption')
data.setCell(7, 2, 'com.tests.AutoBidTest')
data.setCell(7, 3, 40134);
data.setCell(8, 0, 8)
data.setCell(8, 1, 'PhonenumberUpdate')
data.setCell(8, 2, 'com.tests.ProfileTest')
data.setCell(8, 3, 40039);
data.setCell(9, 0, 9)
data.setCell(9, 1, 'PersonalInformationUpdate')
data.setCell(9, 2, 'com.tests.ProfileTest')
data.setCell(9, 3, 37034);
data.setCell(10, 0, 10)
data.setCell(10, 1, 'Couponapplyverfication')
data.setCell(10, 2, 'com.tests.CouponsTest')
data.setCell(10, 3, 36045);
data.setCell(11, 0, 11)
data.setCell(11, 1, 'AutoBidByKeywordSearchandNetBankingPayment')
data.setCell(11, 2, 'com.tests.AutoBidTest')
data.setCell(11, 3, 35823);
data.setCell(12, 0, 12)
data.setCell(12, 1, 'DealsAndAuctionRedirecting')
data.setCell(12, 2, 'com.tests.DashboardTest')
data.setCell(12, 3, 35250);
data.setCell(13, 0, 13)
data.setCell(13, 1, 'SignUpPage')
data.setCell(13, 2, 'com.tests.SignUpTest')
data.setCell(13, 3, 30888);
data.setCell(14, 0, 14)
data.setCell(14, 1, 'BuyNowFromAllProductsDropdownandCODOption')
data.setCell(14, 2, 'com.tests.BuyNowTest')
data.setCell(14, 3, 30149);
data.setCell(15, 0, 15)
data.setCell(15, 1, 'LoginwithOTP')
data.setCell(15, 2, 'com.tests.LoginOTPTest$LoginTest')
data.setCell(15, 3, 27408);
data.setCell(16, 0, 16)
data.setCell(16, 1, 'DashboardBottomBanner')
data.setCell(16, 2, 'com.tests.DashboardTest')
data.setCell(16, 3, 22536);
data.setCell(17, 0, 17)
data.setCell(17, 1, 'DashboardTopBar')
data.setCell(17, 2, 'com.tests.DashboardTest')
data.setCell(17, 3, 19137);
data.setCell(18, 0, 18)
data.setCell(18, 1, 'StartAuctionWay0')
data.setCell(18, 2, 'com.tests.StartAuctionTest')
data.setCell(18, 3, 13002);
data.setCell(19, 0, 19)
data.setCell(19, 1, 'DashboardTotalAuctionandDeals')
data.setCell(19, 2, 'com.tests.DashboardTest')
data.setCell(19, 3, 9706);
data.setCell(20, 0, 20)
data.setCell(20, 1, 'loginPage')
data.setCell(20, 2, 'com.tests.LoginTest')
data.setCell(20, 3, 8427);
data.setCell(21, 0, 21)
data.setCell(21, 1, 'AddDeliveryAddress')
data.setCell(21, 2, 'com.tests.ProfileTest')
data.setCell(21, 3, 7963);
data.setCell(22, 0, 22)
data.setCell(22, 1, 'EditDeliveryAddress')
data.setCell(22, 2, 'com.tests.ProfileTest')
data.setCell(22, 3, 7906);
data.setCell(23, 0, 23)
data.setCell(23, 1, 'PasswordUpdate')
data.setCell(23, 2, 'com.tests.ProfileTest')
data.setCell(23, 3, 7213);
data.setCell(24, 0, 24)
data.setCell(24, 1, 'DeleteDeliveryAddress')
data.setCell(24, 2, 'com.tests.ProfileTest')
data.setCell(24, 3, 6598);
data.setCell(25, 0, 25)
data.setCell(25, 1, 'Productrequestcheck')
data.setCell(25, 2, 'com.tests.DashboardTest')
data.setCell(25, 3, 6219);
data.setCell(26, 0, 26)
data.setCell(26, 1, 'Profileimageupload')
data.setCell(26, 2, 'com.tests.ProfileTest')
data.setCell(26, 3, 5799);
data.setCell(27, 0, 27)
data.setCell(27, 1, 'ReferralPage')
data.setCell(27, 2, 'com.tests.CouponsTest')
data.setCell(27, 3, 2322);
window.suiteTableData['Suite']= { tableData: data, tableDiv: 'times-div-Suite'}
return data;
}
              </script>
              <span class="suite-total-time">Total running time: 16 minutes</span>
              <div id="times-div-Suite">
              </div> <!-- times-div-Suite -->
            </div> <!-- times-div -->
          </div> <!-- main-panel-content rounded-window-bottom -->
        </div> <!-- panel -->
        <div panel-name="reporter-Suite" class="panel">
          <div class="main-panel-header rounded-window-top">
            <span class="header-content">Reporter output for Suite</span>
          </div> <!-- main-panel-header rounded-window-top -->
          <div class="main-panel-content rounded-window-bottom">
          </div> <!-- main-panel-content rounded-window-bottom -->
        </div> <!-- panel -->
        <div panel-name="ignored-methods-Suite" class="panel">
          <div class="main-panel-header rounded-window-top">
            <span class="header-content">21 ignored methods</span>
          </div> <!-- main-panel-header rounded-window-top -->
          <div class="main-panel-content rounded-window-bottom">
            <div class="ignored-class-div">
              <span class="ignored-class-name">com.tests.SearchandFilterTest</span>
              <div class="ignored-methods-div">
                <span class="ignored-method-name">wrapAllUp</span>
                <br/>
                <span class="ignored-method-name">globalSetup</span>
                <br/>
              </div> <!-- ignored-methods-div -->
            </div> <!-- ignored-class-div -->
            <div class="ignored-class-div">
              <span class="ignored-class-name">com.tests.StartAuctionTest</span>
              <div class="ignored-methods-div">
                <span class="ignored-method-name">StartAuctionWay3</span>
                <br/>
                <span class="ignored-method-name">wrapAllUp</span>
                <br/>
                <span class="ignored-method-name">StartAuctionWay1</span>
                <br/>
                <span class="ignored-method-name">StartAuctionWay2</span>
                <br/>
                <span class="ignored-method-name">globalSetup</span>
                <br/>
              </div> <!-- ignored-methods-div -->
            </div> <!-- ignored-class-div -->
            <div class="ignored-class-div">
              <span class="ignored-class-name">com.tests.BuyNowTest</span>
              <div class="ignored-methods-div">
                <span class="ignored-method-name">wrapAllUp</span>
                <br/>
                <span class="ignored-method-name">globalSetup</span>
                <br/>
              </div> <!-- ignored-methods-div -->
            </div> <!-- ignored-class-div -->
            <div class="ignored-class-div">
              <span class="ignored-class-name">com.tests.AutoBidTest</span>
              <div class="ignored-methods-div">
                <span class="ignored-method-name">wrapAllUp</span>
                <br/>
                <span class="ignored-method-name">globalSetup</span>
                <br/>
              </div> <!-- ignored-methods-div -->
            </div> <!-- ignored-class-div -->
            <div class="ignored-class-div">
              <span class="ignored-class-name">com.tests.LoginOTPTest$LoginTest</span>
              <div class="ignored-methods-div">
                <span class="ignored-method-name">wrapAllUp</span>
                <br/>
                <span class="ignored-method-name">globalSetup</span>
                <br/>
              </div> <!-- ignored-methods-div -->
            </div> <!-- ignored-class-div -->
            <div class="ignored-class-div">
              <span class="ignored-class-name">com.tests.SignUpTest</span>
              <div class="ignored-methods-div">
                <span class="ignored-method-name">wrapAllUp</span>
                <br/>
                <span class="ignored-method-name">globalSetup</span>
                <br/>
              </div> <!-- ignored-methods-div -->
            </div> <!-- ignored-class-div -->
            <div class="ignored-class-div">
              <span class="ignored-class-name">com.tests.CouponsTest</span>
              <div class="ignored-methods-div">
                <span class="ignored-method-name">wrapAllUp</span>
                <br/>
                <span class="ignored-method-name">globalSetup</span>
                <br/>
              </div> <!-- ignored-methods-div -->
            </div> <!-- ignored-class-div -->
            <div class="ignored-class-div">
              <span class="ignored-class-name">com.tests.DashboardTest</span>
              <div class="ignored-methods-div">
                <span class="ignored-method-name">wrapAllUp</span>
                <br/>
                <span class="ignored-method-name">globalSetup</span>
                <br/>
              </div> <!-- ignored-methods-div -->
            </div> <!-- ignored-class-div -->
            <div class="ignored-class-div">
              <span class="ignored-class-name">com.tests.ProfileTest</span>
              <div class="ignored-methods-div">
                <span class="ignored-method-name">wrapAllUp</span>
                <br/>
                <span class="ignored-method-name">globalSetup</span>
                <br/>
              </div> <!-- ignored-methods-div -->
            </div> <!-- ignored-class-div -->
          </div> <!-- main-panel-content rounded-window-bottom -->
        </div> <!-- panel -->
        <div panel-name="chronological-Suite" class="panel">
          <div class="main-panel-header rounded-window-top">
            <span class="header-content">Methods in chronological order</span>
          </div> <!-- main-panel-header rounded-window-top -->
          <div class="main-panel-content rounded-window-bottom">
            <div class="chronological-class">
              <div class="chronological-class-name">com.tests.LoginTest</div> <!-- chronological-class-name -->
              <div class="configuration-suite before">
                <span class="method-name">globalSetup</span>
                <span class="method-start">0 ms</span>
              </div> <!-- configuration-suite before -->
              <div class="configuration-class before">
                <span class="method-name">setup</span>
                <span class="method-start">178 ms</span>
              </div> <!-- configuration-class before -->
              <div class="test-method">
                <span class="method-name">loginPage</span>
                <span class="method-start">2587 ms</span>
              </div> <!-- test-method -->
              <div class="configuration-class after">
                <span class="method-name">wrapUp</span>
                <span class="method-start">11435 ms</span>
              </div> <!-- configuration-class after -->
            </div> <!-- chronological-class -->
            <div class="chronological-class">
              <div class="chronological-class-name">com.tests.StartAuctionTest</div> <!-- chronological-class-name -->
              <div class="configuration-class before">
                <span class="method-name">setup</span>
                <span class="method-start">14052 ms</span>
              </div> <!-- configuration-class before -->
              <div class="test-method">
                <span class="method-name">StartAuctionWay0</span>
                <span class="method-start">15125 ms</span>
              </div> <!-- test-method -->
              <div class="configuration-class after">
                <span class="method-name">wrapUp</span>
                <span class="method-start">28482 ms</span>
              </div> <!-- configuration-class after -->
            </div> <!-- chronological-class -->
            <div class="chronological-class">
              <div class="chronological-class-name">com.tests.AutoBidTest</div> <!-- chronological-class-name -->
              <div class="configuration-class before">
                <span class="method-name">setup</span>
                <span class="method-start">31084 ms</span>
              </div> <!-- configuration-class before -->
              <div class="test-method">
                <span class="method-name">AutoBidByKeywordSearchandNetBankingPayment</span>
                <span class="method-start">32223 ms</span>
              </div> <!-- test-method -->
              <div class="test-method">
                <img src="failed.png">
                </img>
                <span class="method-name">AutoBidFromMainCategoryandCardPayment</span>
                <span class="method-start">68219 ms</span>
              </div> <!-- test-method -->
              <div class="test-method">
                <img src="failed.png">
                </img>
                <span class="method-name">AutoBidFromSpecialityStoreandWalletPayment</span>
                <span class="method-start">122209 ms</span>
              </div> <!-- test-method -->
              <div class="test-method">
                <img src="failed.png">
                </img>
                <span class="method-name">AutoBidFromAllProductsDropdownandCODOption</span>
                <span class="method-start">162541 ms</span>
              </div> <!-- test-method -->
              <div class="configuration-class after">
                <span class="method-name">wrapUp</span>
                <span class="method-start">202922 ms</span>
              </div> <!-- configuration-class after -->
            </div> <!-- chronological-class -->
            <div class="chronological-class">
              <div class="chronological-class-name">com.tests.BuyNowTest</div> <!-- chronological-class-name -->
              <div class="configuration-class before">
                <span class="method-name">setup</span>
                <span class="method-start">205533 ms</span>
              </div> <!-- configuration-class before -->
              <div class="test-method">
                <span class="method-name">BuyNowSearchProducyUsingKeywordandNetBankingPayment</span>
                <span class="method-start">206669 ms</span>
              </div> <!-- test-method -->
              <div class="test-method">
                <img src="failed.png">
                </img>
                <span class="method-name">BuyNowFromMainCategoryandCardPayment</span>
                <span class="method-start">272234 ms</span>
              </div> <!-- test-method -->
              <div class="test-method">
                <img src="failed.png">
                </img>
                <span class="method-name">BuyNowFromSpecialityStoreandWalletPayment</span>
                <span class="method-start">330000 ms</span>
              </div> <!-- test-method -->
              <div class="test-method">
                <img src="failed.png">
                </img>
                <span class="method-name">BuyNowFromAllProductsDropdownandCODOption</span>
                <span class="method-start">430541 ms</span>
              </div> <!-- test-method -->
              <div class="configuration-class after">
                <span class="method-name">wrapUp</span>
                <span class="method-start">460852 ms</span>
              </div> <!-- configuration-class after -->
            </div> <!-- chronological-class -->
            <div class="chronological-class">
              <div class="chronological-class-name">com.tests.ProfileTest</div> <!-- chronological-class-name -->
              <div class="configuration-class before">
                <span class="method-name">setup</span>
                <span class="method-start">463521 ms</span>
              </div> <!-- configuration-class before -->
              <div class="test-method">
                <img src="failed.png">
                </img>
                <span class="method-name">PersonalInformationUpdate</span>
                <span class="method-start">464443 ms</span>
              </div> <!-- test-method -->
              <div class="test-method">
                <span class="method-name">Profileimageupload</span>
                <span class="method-start">501636 ms</span>
              </div> <!-- test-method -->
              <div class="test-method">
                <span class="method-name">PhonenumberUpdate</span>
                <span class="method-start">507570 ms</span>
              </div> <!-- test-method -->
              <div class="test-method">
                <span class="method-name">PasswordUpdate</span>
                <span class="method-start">547832 ms</span>
              </div> <!-- test-method -->
              <div class="test-method">
                <span class="method-name">AddDeliveryAddress</span>
                <span class="method-start">555219 ms</span>
              </div> <!-- test-method -->
              <div class="test-method">
                <span class="method-name">EditDeliveryAddress</span>
                <span class="method-start">563350 ms</span>
              </div> <!-- test-method -->
              <div class="test-method">
                <span class="method-name">DeleteDeliveryAddress</span>
                <span class="method-start">571458 ms</span>
              </div> <!-- test-method -->
              <div class="configuration-class after">
                <span class="method-name">wrapUp</span>
                <span class="method-start">578258 ms</span>
              </div> <!-- configuration-class after -->
            </div> <!-- chronological-class -->
            <div class="chronological-class">
              <div class="chronological-class-name">com.tests.DashboardTest</div> <!-- chronological-class-name -->
              <div class="configuration-class before">
                <span class="method-name">setup</span>
                <span class="method-start">580861 ms</span>
              </div> <!-- configuration-class before -->
              <div class="test-method">
                <span class="method-name">DashboardTopBar</span>
                <span class="method-start">581803 ms</span>
              </div> <!-- test-method -->
              <div class="test-method">
                <span class="method-name">DashboardBottomBanner</span>
                <span class="method-start">601277 ms</span>
              </div> <!-- test-method -->
              <div class="test-method">
                <span class="method-name">DashboardTotalAuctionandDeals</span>
                <span class="method-start">624026 ms</span>
              </div> <!-- test-method -->
              <div class="test-method">
                <span class="method-name">Productrequestcheck</span>
                <span class="method-start">633878 ms</span>
              </div> <!-- test-method -->
              <div class="test-method">
                <span class="method-name">FilterCheck</span>
                <span class="method-start">640213 ms</span>
              </div> <!-- test-method -->
              <div class="test-method">
                <span class="method-name">DealsAndAuctionRedirecting</span>
                <span class="method-start">683278 ms</span>
              </div> <!-- test-method -->
              <div class="configuration-class after">
                <span class="method-name">wrapUp</span>
                <span class="method-start">718690 ms</span>
              </div> <!-- configuration-class after -->
            </div> <!-- chronological-class -->
            <div class="chronological-class">
              <div class="chronological-class-name">com.tests.CouponsTest</div> <!-- chronological-class-name -->
              <div class="configuration-class before">
                <span class="method-name">setup</span>
                <span class="method-start">721523 ms</span>
              </div> <!-- configuration-class before -->
              <div class="test-method">
                <span class="method-name">Couponapplyverfication</span>
                <span class="method-start">722477 ms</span>
              </div> <!-- test-method -->
              <div class="test-method">
                <span class="method-name">ReferralPage</span>
                <span class="method-start">758722 ms</span>
              </div> <!-- test-method -->
              <div class="configuration-class after">
                <span class="method-name">wrapUp</span>
                <span class="method-start">761258 ms</span>
              </div> <!-- configuration-class after -->
            </div> <!-- chronological-class -->
            <div class="chronological-class">
              <div class="chronological-class-name">com.tests.SearchandFilterTest</div> <!-- chronological-class-name -->
              <div class="configuration-class before">
                <span class="method-name">setup</span>
                <span class="method-start">763790 ms</span>
              </div> <!-- configuration-class before -->
              <div class="test-method">
                <span class="method-name">SearchandFiltercheck</span>
                <span class="method-start">764676 ms</span>
              </div> <!-- test-method -->
              <div class="configuration-class after">
                <span class="method-name">wrapUp</span>
                <span class="method-start">953408 ms</span>
              </div> <!-- configuration-class after -->
            </div> <!-- chronological-class -->
            <div class="chronological-class">
              <div class="chronological-class-name">com.tests.SignUpTest</div> <!-- chronological-class-name -->
              <div class="configuration-class before">
                <span class="method-name">setup</span>
                <span class="method-start">956071 ms</span>
              </div> <!-- configuration-class before -->
              <div class="test-method">
                <span class="method-name">SignUpPage</span>
                <span class="method-start">956950 ms</span>
              </div> <!-- test-method -->
              <div class="configuration-class after">
                <span class="method-name">wrapUp</span>
                <span class="method-start">988007 ms</span>
              </div> <!-- configuration-class after -->
            </div> <!-- chronological-class -->
            <div class="chronological-class">
              <div class="chronological-class-name">com.tests.LoginOTPTest$LoginTest</div> <!-- chronological-class-name -->
              <div class="configuration-class before">
                <span class="method-name">setup</span>
                <span class="method-start">990574 ms</span>
              </div> <!-- configuration-class before -->
              <div class="test-method">
                <span class="method-name">LoginwithOTP</span>
                <span class="method-start">991479 ms</span>
              </div> <!-- test-method -->
              <div class="configuration-class after">
                <span class="method-name">wrapUp</span>
                <span class="method-start">1019334 ms</span>
              </div> <!-- configuration-class after -->
            </div> <!-- chronological-class -->
            <div class="chronological-class">
              <div class="chronological-class-name">com.tests.LoginTest</div> <!-- chronological-class-name -->
              <div class="configuration-suite after">
                <span class="method-name">wrapAllUp(org.testng.TestRunner@3d8bf514)</span>
                <span class="method-start">1022617 ms</span>
              </div> <!-- configuration-suite after -->
          </div> <!-- main-panel-content rounded-window-bottom -->
        </div> <!-- panel -->
      </div> <!-- main-panel-root -->
    </div> <!-- wrapper -->
  </body>
<script type="text/javascript" src="testng-reports2.js"></script>
</html>
