<?xml version="1.0" encoding="UTF-8"?>
<testng-results ignored="33" total="53" passed="15" failed="5" skipped="0">
  <reporter-output>
  </reporter-output>
  <suite started-at="2022-11-21T20:12:49 IST" name="Suite" finished-at="2022-11-21T20:28:21 IST" duration-ms="931533">
    <groups>
    </groups>
    <test started-at="2022-11-21T20:12:49 IST" name="Regression Test Part 1" finished-at="2022-11-21T20:28:21 IST" duration-ms="931533">
      <class name="com.tests.CouponsTest">
        <test-method is-config="true" signature="setup()[pri:0, instance:com.tests.CouponsTest@7526515b]" started-at="2022-11-21T20:20:54 IST" name="setup" test-instance-name="7. Coupon verification" finished-at="2022-11-21T20:20:55 IST" duration-ms="785" status="PASS">
          <reporter-output>
          </reporter-output>
        </test-method> <!-- setup -->
        <test-method signature="ReferralPage()[pri:0, instance:com.tests.CouponsTest@7526515b]" started-at="2022-11-21T20:20:55 IST" name="ReferralPage" description="1. Referral Page Check!" test-instance-name="7. Coupon verification" finished-at="2022-11-21T20:21:02 IST" duration-ms="7155" status="PASS">
          <reporter-output>
          </reporter-output>
        </test-method> <!-- ReferralPage -->
        <test-method signature="Couponapplyverfication()[pri:1, instance:com.tests.CouponsTest@7526515b]" started-at="2022-11-21T20:21:02 IST" name="Couponapplyverfication" description="2. Couponapplyverfication Check!" test-instance-name="7. Coupon verification" finished-at="2022-11-21T20:22:16 IST" duration-ms="73581" status="FAIL">
          <exception class="org.openqa.selenium.NoSuchElementException">
            <message>
              <![CDATA[no such element: Unable to locate element: {"method":"xpath","selector":"//button[@class='new-method has-tooltip false svelte-1kfpmw0']/div/div/div/div[text()='Netbanking'] | //button[@class='new-method has-tooltip false svelte-1u727jy']/div/div/div[text()='Netbanking']"}
  (Session info: chrome=107.0.5304.107)
For documentation on this error, please visit: https://selenium.dev/exceptions/#no_such_element
Build info: version: '4.3.0', revision: 'a4995e2c09*'
System info: host: 'DESKTOP-VLFRU2T', ip: '192.168.0.7', os.name: 'Windows 11', os.arch: 'amd64', os.version: '10.0', java.version: '17.0.3'
Driver info: org.openqa.selenium.chrome.ChromeDriver
Command: [81cbe102073120a5026629958d6060f2, findElement {using=xpath, value=//button[@class='new-method has-tooltip false svelte-1kfpmw0']/div/div/div/div[text()='Netbanking'] | //button[@class='new-method has-tooltip false svelte-1u727jy']/div/div/div[text()='Netbanking']}]
Capabilities {acceptInsecureCerts: false, browserName: chrome, browserVersion: 107.0.5304.107, chrome: {chromedriverVersion: 107.0.5304.62 (1eec40d3a576..., userDataDir: C:\Users\Gopinath\AppData\L...}, goog:chromeOptions: {debuggerAddress: localhost:49341}, networkConnectionEnabled: false, pageLoadStrategy: normal, platformName: WINDOWS, proxy: Proxy(), se:cdp: ws://localhost:49341/devtoo..., se:cdpVersion: 107.0.5304.107, setWindowRect: true, strictFileInteractability: false, timeouts: {implicit: 0, pageLoad: 300000, script: 30000}, unhandledPromptBehavior: dismiss and notify, webauthn:extension:credBlob: true, webauthn:extension:largeBlob: true, webauthn:virtualAuthenticators: true}
Session ID: 81cbe102073120a5026629958d6060f2]]>
            </message>
            <full-stacktrace>
              <![CDATA[org.openqa.selenium.NoSuchElementException: no such element: Unable to locate element: {"method":"xpath","selector":"//button[@class='new-method has-tooltip false svelte-1kfpmw0']/div/div/div/div[text()='Netbanking'] | //button[@class='new-method has-tooltip false svelte-1u727jy']/div/div/div[text()='Netbanking']"}
  (Session info: chrome=107.0.5304.107)
For documentation on this error, please visit: https://selenium.dev/exceptions/#no_such_element
Build info: version: '4.3.0', revision: 'a4995e2c09*'
System info: host: 'DESKTOP-VLFRU2T', ip: '192.168.0.7', os.name: 'Windows 11', os.arch: 'amd64', os.version: '10.0', java.version: '17.0.3'
Driver info: org.openqa.selenium.chrome.ChromeDriver
Command: [81cbe102073120a5026629958d6060f2, findElement {using=xpath, value=//button[@class='new-method has-tooltip false svelte-1kfpmw0']/div/div/div/div[text()='Netbanking'] | //button[@class='new-method has-tooltip false svelte-1u727jy']/div/div/div[text()='Netbanking']}]
Capabilities {acceptInsecureCerts: false, browserName: chrome, browserVersion: 107.0.5304.107, chrome: {chromedriverVersion: 107.0.5304.62 (1eec40d3a576..., userDataDir: C:\Users\Gopinath\AppData\L...}, goog:chromeOptions: {debuggerAddress: localhost:49341}, networkConnectionEnabled: false, pageLoadStrategy: normal, platformName: WINDOWS, proxy: Proxy(), se:cdp: ws://localhost:49341/devtoo..., se:cdpVersion: 107.0.5304.107, setWindowRect: true, strictFileInteractability: false, timeouts: {implicit: 0, pageLoad: 300000, script: 30000}, unhandledPromptBehavior: dismiss and notify, webauthn:extension:credBlob: true, webauthn:extension:largeBlob: true, webauthn:virtualAuthenticators: true}
Session ID: 81cbe102073120a5026629958d6060f2
at jdk.internal.reflect.GeneratedConstructorAccessor23.newInstance(Unknown Source)
at java.base/jdk.internal.reflect.DelegatingConstructorAccessorImpl.newInstance(DelegatingConstructorAccessorImpl.java:45)
at java.base/java.lang.reflect.Constructor.newInstanceWithCaller(Constructor.java:499)
at java.base/java.lang.reflect.Constructor.newInstance(Constructor.java:480)
at org.openqa.selenium.remote.codec.w3c.W3CHttpResponseCodec.createException(W3CHttpResponseCodec.java:200)
at org.openqa.selenium.remote.codec.w3c.W3CHttpResponseCodec.decode(W3CHttpResponseCodec.java:133)
at org.openqa.selenium.remote.codec.w3c.W3CHttpResponseCodec.decode(W3CHttpResponseCodec.java:53)
at org.openqa.selenium.remote.HttpCommandExecutor.execute(HttpCommandExecutor.java:184)
at org.openqa.selenium.remote.service.DriverCommandExecutor.invokeExecute(DriverCommandExecutor.java:167)
at org.openqa.selenium.remote.service.DriverCommandExecutor.execute(DriverCommandExecutor.java:142)
at org.openqa.selenium.remote.RemoteWebDriver.execute(RemoteWebDriver.java:569)
at org.openqa.selenium.remote.ElementLocation$ElementFinder$2.findElement(ElementLocation.java:162)
at org.openqa.selenium.remote.ElementLocation.findElement(ElementLocation.java:60)
at org.openqa.selenium.remote.RemoteWebDriver.findElement(RemoteWebDriver.java:387)
at org.openqa.selenium.remote.RemoteWebDriver.findElement(RemoteWebDriver.java:379)
at org.openqa.selenium.support.pagefactory.DefaultElementLocator.findElement(DefaultElementLocator.java:70)
at org.openqa.selenium.support.pagefactory.internal.LocatingElementHandler.invoke(LocatingElementHandler.java:39)
at jdk.proxy2/jdk.proxy2.$Proxy20.getWrappedElement(Unknown Source)
at org.openqa.selenium.remote.internal.WebElementToJsonConverter.apply(WebElementToJsonConverter.java:51)
at java.base/java.util.stream.ReferencePipeline$3$1.accept(ReferencePipeline.java:197)
at java.base/java.util.Spliterators$ArraySpliterator.forEachRemaining(Spliterators.java:992)
at java.base/java.util.stream.AbstractPipeline.copyInto(AbstractPipeline.java:509)
at java.base/java.util.stream.AbstractPipeline.wrapAndCopyInto(AbstractPipeline.java:499)
at java.base/java.util.stream.ReduceOps$ReduceOp.evaluateSequential(ReduceOps.java:921)
at java.base/java.util.stream.AbstractPipeline.evaluate(AbstractPipeline.java:234)
at java.base/java.util.stream.ReferencePipeline.collect(ReferencePipeline.java:682)
at org.openqa.selenium.remote.RemoteWebDriver.executeScript(RemoteWebDriver.java:500)
at com.helper.SeleniumHelper.executeScript(SeleniumHelper.java:275)
at com.helper.SeleniumHelper.scrollIntoView(SeleniumHelper.java:289)
at com.pages.PaymentMethodsPage.netBankingPayment(PaymentMethodsPage.java:98)
at com.tests.CouponsTest.Couponapplyverfication(CouponsTest.java:29)
at java.base/jdk.internal.reflect.NativeMethodAccessorImpl.invoke0(Native Method)
at java.base/jdk.internal.reflect.NativeMethodAccessorImpl.invoke(NativeMethodAccessorImpl.java:77)
at java.base/jdk.internal.reflect.DelegatingMethodAccessorImpl.invoke(DelegatingMethodAccessorImpl.java:43)
at java.base/java.lang.reflect.Method.invoke(Method.java:568)
at org.testng.internal.MethodInvocationHelper.invokeMethod(MethodInvocationHelper.java:133)
at org.testng.internal.TestInvoker.invokeMethod(TestInvoker.java:598)
at org.testng.internal.TestInvoker.invokeTestMethod(TestInvoker.java:173)
at org.testng.internal.MethodRunner.runInSequence(MethodRunner.java:46)
at org.testng.internal.TestInvoker$MethodInvocationAgent.invoke(TestInvoker.java:824)
at org.testng.internal.TestInvoker.invokeTestMethods(TestInvoker.java:146)
at org.testng.internal.TestMethodWorker.invokeTestMethods(TestMethodWorker.java:146)
at org.testng.internal.TestMethodWorker.run(TestMethodWorker.java:128)
at java.base/java.util.ArrayList.forEach(ArrayList.java:1511)
at org.testng.TestRunner.privateRun(TestRunner.java:794)
at org.testng.TestRunner.run(TestRunner.java:596)
at org.testng.SuiteRunner.runTest(SuiteRunner.java:377)
at org.testng.SuiteRunner.runSequentially(SuiteRunner.java:371)
at org.testng.SuiteRunner.privateRun(SuiteRunner.java:332)
at org.testng.SuiteRunner.run(SuiteRunner.java:276)
at org.testng.SuiteRunnerWorker.runSuite(SuiteRunnerWorker.java:53)
at org.testng.SuiteRunnerWorker.run(SuiteRunnerWorker.java:96)
at org.testng.TestNG.runSuitesSequentially(TestNG.java:1212)
at org.testng.TestNG.runSuitesLocally(TestNG.java:1134)
at org.testng.TestNG.runSuites(TestNG.java:1063)
at org.testng.TestNG.run(TestNG.java:1031)
at org.testng.remote.AbstractRemoteTestNG.run(AbstractRemoteTestNG.java:115)
at org.testng.remote.RemoteTestNG.initAndRun(RemoteTestNG.java:251)
at org.testng.remote.RemoteTestNG.main(RemoteTestNG.java:77)
]]>
            </full-stacktrace>
          </exception> <!-- org.openqa.selenium.NoSuchElementException -->
          <reporter-output>
          </reporter-output>
        </test-method> <!-- Couponapplyverfication -->
        <test-method is-config="true" signature="wrapUp()[pri:0, instance:com.tests.CouponsTest@7526515b]" started-at="2022-11-21T20:22:16 IST" name="wrapUp" test-instance-name="7. Coupon verification" finished-at="2022-11-21T20:22:17 IST" duration-ms="383" status="PASS">
          <reporter-output>
          </reporter-output>
        </test-method> <!-- wrapUp -->
      </class> <!-- com.tests.CouponsTest -->
      <class name="com.tests.StartAuctionTest">
        <test-method is-config="true" signature="setup()[pri:0, instance:com.tests.StartAuctionTest@2a7f1f10]" started-at="2022-11-21T20:13:15 IST" name="setup" test-instance-name="2. Start Auction" finished-at="2022-11-21T20:13:16 IST" duration-ms="744" status="PASS">
          <reporter-output>
          </reporter-output>
        </test-method> <!-- setup -->
        <test-method signature="StartAuctionWay0()[pri:0, instance:com.tests.StartAuctionTest@2a7f1f10]" started-at="2022-11-21T20:13:16 IST" name="StartAuctionWay0" description="1. Search a Product and Start the Auction!" test-instance-name="2. Start Auction" finished-at="2022-11-21T20:13:31 IST" duration-ms="15137" status="PASS">
          <reporter-output>
          </reporter-output>
        </test-method> <!-- StartAuctionWay0 -->
        <test-method is-config="true" signature="wrapUp()[pri:0, instance:com.tests.StartAuctionTest@2a7f1f10]" started-at="2022-11-21T20:13:32 IST" name="wrapUp" test-instance-name="2. Start Auction" finished-at="2022-11-21T20:13:48 IST" duration-ms="16388" status="PASS">
          <reporter-output>
          </reporter-output>
        </test-method> <!-- wrapUp -->
      </class> <!-- com.tests.StartAuctionTest -->
      <class name="com.tests.ProfileTest">
        <test-method is-config="true" signature="setup()[pri:0, instance:com.tests.ProfileTest@f78a47e]" started-at="2022-11-21T20:16:03 IST" name="setup" test-instance-name="5. View Profile" finished-at="2022-11-21T20:16:04 IST" duration-ms="745" status="PASS">
          <reporter-output>
          </reporter-output>
        </test-method> <!-- setup -->
        <test-method signature="PersonalInformationUpdate()[pri:1, instance:com.tests.ProfileTest@f78a47e]" started-at="2022-11-21T20:16:04 IST" name="PersonalInformationUpdate" description="1. Validating Profile Update Functionality!" test-instance-name="5. View Profile" finished-at="2022-11-21T20:16:15 IST" duration-ms="11648" status="PASS">
          <reporter-output>
          </reporter-output>
        </test-method> <!-- PersonalInformationUpdate -->
        <test-method signature="Profileimageupload()[pri:2, instance:com.tests.ProfileTest@f78a47e]" started-at="2022-11-21T20:16:15 IST" name="Profileimageupload" description="2. Validating Profile Image Upload Functionality!" test-instance-name="5. View Profile" finished-at="2022-11-21T20:16:21 IST" duration-ms="5473" status="PASS">
          <reporter-output>
          </reporter-output>
        </test-method> <!-- Profileimageupload -->
        <test-method signature="PasswordUpdate()[pri:4, instance:com.tests.ProfileTest@f78a47e]" started-at="2022-11-21T20:16:21 IST" name="PasswordUpdate" description="4. Validating Password Change!" test-instance-name="5. View Profile" finished-at="2022-11-21T20:16:23 IST" duration-ms="2099" status="PASS">
          <reporter-output>
          </reporter-output>
        </test-method> <!-- PasswordUpdate -->
        <test-method signature="AddDeliveryAddress()[pri:5, instance:com.tests.ProfileTest@f78a47e]" started-at="2022-11-21T20:16:23 IST" name="AddDeliveryAddress" description="5. Validating Add New Delivery Address!" test-instance-name="5. View Profile" finished-at="2022-11-21T20:16:29 IST" duration-ms="6123" status="PASS">
          <reporter-output>
          </reporter-output>
        </test-method> <!-- AddDeliveryAddress -->
        <test-method signature="EditDeliveryAddress()[pri:6, instance:com.tests.ProfileTest@f78a47e]" started-at="2022-11-21T20:16:30 IST" name="EditDeliveryAddress" description="6. Validating Edit Delivery Address!" test-instance-name="5. View Profile" finished-at="2022-11-21T20:16:38 IST" duration-ms="8172" status="PASS">
          <reporter-output>
          </reporter-output>
        </test-method> <!-- EditDeliveryAddress -->
        <test-method signature="DeleteDeliveryAddress()[pri:7, instance:com.tests.ProfileTest@f78a47e]" started-at="2022-11-21T20:16:38 IST" name="DeleteDeliveryAddress" description="7. Validating Delete Delivery Address!" test-instance-name="5. View Profile" finished-at="2022-11-21T20:16:44 IST" duration-ms="6377" status="PASS">
          <reporter-output>
          </reporter-output>
        </test-method> <!-- DeleteDeliveryAddress -->
        <test-method is-config="true" signature="wrapUp()[pri:0, instance:com.tests.ProfileTest@f78a47e]" started-at="2022-11-21T20:16:44 IST" name="wrapUp" test-instance-name="5. View Profile" finished-at="2022-11-21T20:17:01 IST" duration-ms="16374" status="PASS">
          <reporter-output>
          </reporter-output>
        </test-method> <!-- wrapUp -->
      </class> <!-- com.tests.ProfileTest -->
      <class name="com.tests.SharableLink">
        <test-method is-config="true" signature="setup()[pri:0, instance:com.tests.SharableLink@54c5a2ff]" started-at="2022-11-21T20:27:56 IST" name="setup" test-instance-name="9. Product search and referral page and related product visibility" finished-at="2022-11-21T20:27:57 IST" duration-ms="788" status="PASS">
          <reporter-output>
          </reporter-output>
        </test-method> <!-- setup -->
        <test-method signature="RelatedProduct()[pri:1, instance:com.tests.SharableLink@54c5a2ff]" started-at="2022-11-21T20:27:57 IST" name="RelatedProduct" description="2. Check for related product visibility!" test-instance-name="9. Product search and referral page and related product visibility" finished-at="2022-11-21T20:28:04 IST" duration-ms="7150" status="PASS">
          <reporter-output>
          </reporter-output>
        </test-method> <!-- RelatedProduct -->
        <test-method is-config="true" signature="wrapUp()[pri:0, instance:com.tests.SharableLink@54c5a2ff]" started-at="2022-11-21T20:28:05 IST" name="wrapUp" test-instance-name="9. Product search and referral page and related product visibility" finished-at="2022-11-21T20:28:21 IST" duration-ms="16373" status="PASS">
          <reporter-output>
          </reporter-output>
        </test-method> <!-- wrapUp -->
      </class> <!-- com.tests.SharableLink -->
      <class name="com.tests.SearchandFilterTest">
        <test-method is-config="true" signature="setup()[pri:0, instance:com.tests.SearchandFilterTest@1ed4ae0f]" started-at="2022-11-21T20:22:17 IST" name="setup" test-instance-name="8. Search and Filter" finished-at="2022-11-21T20:22:17 IST" duration-ms="760" status="PASS">
          <reporter-output>
          </reporter-output>
        </test-method> <!-- setup -->
        <test-method signature="SearchandFiltercheck()[pri:0, instance:com.tests.SearchandFilterTest@1ed4ae0f]" started-at="2022-11-21T20:22:17 IST" name="SearchandFiltercheck" description="1. Validating Search and Filter!" test-instance-name="8. Search and Filter" finished-at="2022-11-21T20:27:56 IST" duration-ms="338471" status="PASS">
          <reporter-output>
          </reporter-output>
        </test-method> <!-- SearchandFiltercheck -->
        <test-method is-config="true" signature="wrapUp()[pri:0, instance:com.tests.SearchandFilterTest@1ed4ae0f]" started-at="2022-11-21T20:27:56 IST" name="wrapUp" test-instance-name="8. Search and Filter" finished-at="2022-11-21T20:27:56 IST" duration-ms="355" status="PASS">
          <reporter-output>
          </reporter-output>
        </test-method> <!-- wrapUp -->
      </class> <!-- com.tests.SearchandFilterTest -->
      <class name="com.tests.DashboardTest">
        <test-method is-config="true" signature="setup()[pri:0, instance:com.tests.DashboardTest@644baf4a]" started-at="2022-11-21T20:17:01 IST" name="setup" test-instance-name="6. Dashboard verification" finished-at="2022-11-21T20:17:02 IST" duration-ms="764" status="PASS">
          <reporter-output>
          </reporter-output>
        </test-method> <!-- setup -->
        <test-method signature="DashboardTopBar()[pri:0, instance:com.tests.DashboardTest@644baf4a]" started-at="2022-11-21T20:17:02 IST" name="DashboardTopBar" description="1. Top Bar Hyperlinks Check!" test-instance-name="6. Dashboard verification" finished-at="2022-11-21T20:17:13 IST" duration-ms="11338" status="PASS">
          <reporter-output>
          </reporter-output>
        </test-method> <!-- DashboardTopBar -->
        <test-method signature="DashboardBottomBanner()[pri:1, instance:com.tests.DashboardTest@644baf4a]" started-at="2022-11-21T20:17:13 IST" name="DashboardBottomBanner" description="2. Bottom Banner Details &amp; Links Check!" test-instance-name="6. Dashboard verification" finished-at="2022-11-21T20:17:22 IST" duration-ms="8590" status="FAIL">
          <exception class="java.lang.AssertionError">
            <message>
              <![CDATA[expected [true] but found [false]]]>
            </message>
            <full-stacktrace>
              <![CDATA[java.lang.AssertionError: expected [true] but found [false]
at org.testng.Assert.fail(Assert.java:99)
at org.testng.Assert.failNotEquals(Assert.java:1037)
at org.testng.Assert.assertTrue(Assert.java:45)
at org.testng.Assert.assertTrue(Assert.java:55)
at com.pages.DashboardPage.socialNetworkinFooter(DashboardPage.java:308)
at com.tests.DashboardTest.DashboardBottomBanner(DashboardTest.java:28)
at java.base/jdk.internal.reflect.NativeMethodAccessorImpl.invoke0(Native Method)
at java.base/jdk.internal.reflect.NativeMethodAccessorImpl.invoke(NativeMethodAccessorImpl.java:77)
at java.base/jdk.internal.reflect.DelegatingMethodAccessorImpl.invoke(DelegatingMethodAccessorImpl.java:43)
at java.base/java.lang.reflect.Method.invoke(Method.java:568)
at org.testng.internal.MethodInvocationHelper.invokeMethod(MethodInvocationHelper.java:133)
at org.testng.internal.TestInvoker.invokeMethod(TestInvoker.java:598)
at org.testng.internal.TestInvoker.invokeTestMethod(TestInvoker.java:173)
at org.testng.internal.MethodRunner.runInSequence(MethodRunner.java:46)
at org.testng.internal.TestInvoker$MethodInvocationAgent.invoke(TestInvoker.java:824)
at org.testng.internal.TestInvoker.invokeTestMethods(TestInvoker.java:146)
at org.testng.internal.TestMethodWorker.invokeTestMethods(TestMethodWorker.java:146)
at org.testng.internal.TestMethodWorker.run(TestMethodWorker.java:128)
at java.base/java.util.ArrayList.forEach(ArrayList.java:1511)
at org.testng.TestRunner.privateRun(TestRunner.java:794)
at org.testng.TestRunner.run(TestRunner.java:596)
at org.testng.SuiteRunner.runTest(SuiteRunner.java:377)
at org.testng.SuiteRunner.runSequentially(SuiteRunner.java:371)
at org.testng.SuiteRunner.privateRun(SuiteRunner.java:332)
at org.testng.SuiteRunner.run(SuiteRunner.java:276)
at org.testng.SuiteRunnerWorker.runSuite(SuiteRunnerWorker.java:53)
at org.testng.SuiteRunnerWorker.run(SuiteRunnerWorker.java:96)
at org.testng.TestNG.runSuitesSequentially(TestNG.java:1212)
at org.testng.TestNG.runSuitesLocally(TestNG.java:1134)
at org.testng.TestNG.runSuites(TestNG.java:1063)
at org.testng.TestNG.run(TestNG.java:1031)
at org.testng.remote.AbstractRemoteTestNG.run(AbstractRemoteTestNG.java:115)
at org.testng.remote.RemoteTestNG.initAndRun(RemoteTestNG.java:251)
at org.testng.remote.RemoteTestNG.main(RemoteTestNG.java:77)
]]>
            </full-stacktrace>
          </exception> <!-- java.lang.AssertionError -->
          <reporter-output>
          </reporter-output>
        </test-method> <!-- DashboardBottomBanner -->
        <test-method signature="DashboardTotalAuctionandDeals()[pri:2, instance:com.tests.DashboardTest@644baf4a]" started-at="2022-11-21T20:17:22 IST" name="DashboardTotalAuctionandDeals" description="3.Validate Total auction and Total Deals and check" test-instance-name="6. Dashboard verification" finished-at="2022-11-21T20:18:22 IST" duration-ms="60285" status="FAIL">
          <exception class="java.lang.AssertionError">
            <message>
              <![CDATA[expected [MY AUCTIONS] but found [null]]]>
            </message>
            <full-stacktrace>
              <![CDATA[java.lang.AssertionError: expected [MY AUCTIONS] but found [null]
at org.testng.Assert.fail(Assert.java:99)
at org.testng.Assert.failNotEquals(Assert.java:1037)
at org.testng.Assert.assertEqualsImpl(Assert.java:140)
at org.testng.Assert.assertEquals(Assert.java:122)
at org.testng.Assert.assertEquals(Assert.java:629)
at org.testng.Assert.assertEquals(Assert.java:639)
at com.pages.DashboardPage.totalAuction(DashboardPage.java:414)
at com.tests.DashboardTest.DashboardTotalAuctionandDeals(DashboardTest.java:38)
at java.base/jdk.internal.reflect.NativeMethodAccessorImpl.invoke0(Native Method)
at java.base/jdk.internal.reflect.NativeMethodAccessorImpl.invoke(NativeMethodAccessorImpl.java:77)
at java.base/jdk.internal.reflect.DelegatingMethodAccessorImpl.invoke(DelegatingMethodAccessorImpl.java:43)
at java.base/java.lang.reflect.Method.invoke(Method.java:568)
at org.testng.internal.MethodInvocationHelper.invokeMethod(MethodInvocationHelper.java:133)
at org.testng.internal.TestInvoker.invokeMethod(TestInvoker.java:598)
at org.testng.internal.TestInvoker.invokeTestMethod(TestInvoker.java:173)
at org.testng.internal.MethodRunner.runInSequence(MethodRunner.java:46)
at org.testng.internal.TestInvoker$MethodInvocationAgent.invoke(TestInvoker.java:824)
at org.testng.internal.TestInvoker.invokeTestMethods(TestInvoker.java:146)
at org.testng.internal.TestMethodWorker.invokeTestMethods(TestMethodWorker.java:146)
at org.testng.internal.TestMethodWorker.run(TestMethodWorker.java:128)
at java.base/java.util.ArrayList.forEach(ArrayList.java:1511)
at org.testng.TestRunner.privateRun(TestRunner.java:794)
at org.testng.TestRunner.run(TestRunner.java:596)
at org.testng.SuiteRunner.runTest(SuiteRunner.java:377)
at org.testng.SuiteRunner.runSequentially(SuiteRunner.java:371)
at org.testng.SuiteRunner.privateRun(SuiteRunner.java:332)
at org.testng.SuiteRunner.run(SuiteRunner.java:276)
at org.testng.SuiteRunnerWorker.runSuite(SuiteRunnerWorker.java:53)
at org.testng.SuiteRunnerWorker.run(SuiteRunnerWorker.java:96)
at org.testng.TestNG.runSuitesSequentially(TestNG.java:1212)
at org.testng.TestNG.runSuitesLocally(TestNG.java:1134)
at org.testng.TestNG.runSuites(TestNG.java:1063)
at org.testng.TestNG.run(TestNG.java:1031)
at org.testng.remote.AbstractRemoteTestNG.run(AbstractRemoteTestNG.java:115)
at org.testng.remote.RemoteTestNG.initAndRun(RemoteTestNG.java:251)
at org.testng.remote.RemoteTestNG.main(RemoteTestNG.java:77)
]]>
            </full-stacktrace>
          </exception> <!-- java.lang.AssertionError -->
          <reporter-output>
          </reporter-output>
        </test-method> <!-- DashboardTotalAuctionandDeals -->
        <test-method signature="Productrequestcheck()[pri:3, instance:com.tests.DashboardTest@644baf4a]" started-at="2022-11-21T20:18:22 IST" name="Productrequestcheck" description="4. Validate Product Request!" test-instance-name="6. Dashboard verification" finished-at="2022-11-21T20:19:33 IST" duration-ms="70289" status="FAIL">
          <exception class="org.openqa.selenium.NoSuchElementException">
            <message>
              <![CDATA[no such element: Unable to locate element: {"method":"xpath","selector":"//input[@id='Product_Name']"}
  (Session info: chrome=107.0.5304.107)
For documentation on this error, please visit: https://selenium.dev/exceptions/#no_such_element
Build info: version: '4.3.0', revision: 'a4995e2c09*'
System info: host: 'DESKTOP-VLFRU2T', ip: '192.168.0.7', os.name: 'Windows 11', os.arch: 'amd64', os.version: '10.0', java.version: '17.0.3'
Driver info: org.openqa.selenium.chrome.ChromeDriver
Command: [e3f7157befbb98966aafa6b03bb1ff2e, findElement {using=xpath, value=//input[@id='Product_Name']}]
Capabilities {acceptInsecureCerts: false, browserName: chrome, browserVersion: 107.0.5304.107, chrome: {chromedriverVersion: 107.0.5304.62 (1eec40d3a576..., userDataDir: C:\Users\Gopinath\AppData\L...}, goog:chromeOptions: {debuggerAddress: localhost:65258}, networkConnectionEnabled: false, pageLoadStrategy: normal, platformName: WINDOWS, proxy: Proxy(), se:cdp: ws://localhost:65258/devtoo..., se:cdpVersion: 107.0.5304.107, setWindowRect: true, strictFileInteractability: false, timeouts: {implicit: 0, pageLoad: 300000, script: 30000}, unhandledPromptBehavior: dismiss and notify, webauthn:extension:credBlob: true, webauthn:extension:largeBlob: true, webauthn:virtualAuthenticators: true}
Session ID: e3f7157befbb98966aafa6b03bb1ff2e]]>
            </message>
            <full-stacktrace>
              <![CDATA[org.openqa.selenium.NoSuchElementException: no such element: Unable to locate element: {"method":"xpath","selector":"//input[@id='Product_Name']"}
  (Session info: chrome=107.0.5304.107)
For documentation on this error, please visit: https://selenium.dev/exceptions/#no_such_element
Build info: version: '4.3.0', revision: 'a4995e2c09*'
System info: host: 'DESKTOP-VLFRU2T', ip: '192.168.0.7', os.name: 'Windows 11', os.arch: 'amd64', os.version: '10.0', java.version: '17.0.3'
Driver info: org.openqa.selenium.chrome.ChromeDriver
Command: [e3f7157befbb98966aafa6b03bb1ff2e, findElement {using=xpath, value=//input[@id='Product_Name']}]
Capabilities {acceptInsecureCerts: false, browserName: chrome, browserVersion: 107.0.5304.107, chrome: {chromedriverVersion: 107.0.5304.62 (1eec40d3a576..., userDataDir: C:\Users\Gopinath\AppData\L...}, goog:chromeOptions: {debuggerAddress: localhost:65258}, networkConnectionEnabled: false, pageLoadStrategy: normal, platformName: WINDOWS, proxy: Proxy(), se:cdp: ws://localhost:65258/devtoo..., se:cdpVersion: 107.0.5304.107, setWindowRect: true, strictFileInteractability: false, timeouts: {implicit: 0, pageLoad: 300000, script: 30000}, unhandledPromptBehavior: dismiss and notify, webauthn:extension:credBlob: true, webauthn:extension:largeBlob: true, webauthn:virtualAuthenticators: true}
Session ID: e3f7157befbb98966aafa6b03bb1ff2e
at jdk.internal.reflect.GeneratedConstructorAccessor23.newInstance(Unknown Source)
at java.base/jdk.internal.reflect.DelegatingConstructorAccessorImpl.newInstance(DelegatingConstructorAccessorImpl.java:45)
at java.base/java.lang.reflect.Constructor.newInstanceWithCaller(Constructor.java:499)
at java.base/java.lang.reflect.Constructor.newInstance(Constructor.java:480)
at org.openqa.selenium.remote.codec.w3c.W3CHttpResponseCodec.createException(W3CHttpResponseCodec.java:200)
at org.openqa.selenium.remote.codec.w3c.W3CHttpResponseCodec.decode(W3CHttpResponseCodec.java:133)
at org.openqa.selenium.remote.codec.w3c.W3CHttpResponseCodec.decode(W3CHttpResponseCodec.java:53)
at org.openqa.selenium.remote.HttpCommandExecutor.execute(HttpCommandExecutor.java:184)
at org.openqa.selenium.remote.service.DriverCommandExecutor.invokeExecute(DriverCommandExecutor.java:167)
at org.openqa.selenium.remote.service.DriverCommandExecutor.execute(DriverCommandExecutor.java:142)
at org.openqa.selenium.remote.RemoteWebDriver.execute(RemoteWebDriver.java:569)
at org.openqa.selenium.remote.ElementLocation$ElementFinder$2.findElement(ElementLocation.java:162)
at org.openqa.selenium.remote.ElementLocation.findElement(ElementLocation.java:60)
at org.openqa.selenium.remote.RemoteWebDriver.findElement(RemoteWebDriver.java:387)
at org.openqa.selenium.remote.RemoteWebDriver.findElement(RemoteWebDriver.java:379)
at org.openqa.selenium.support.pagefactory.DefaultElementLocator.findElement(DefaultElementLocator.java:70)
at org.openqa.selenium.support.pagefactory.internal.LocatingElementHandler.invoke(LocatingElementHandler.java:39)
at jdk.proxy2/jdk.proxy2.$Proxy20.sendKeys(Unknown Source)
at com.pages.DashboardPage.productRequest(DashboardPage.java:437)
at com.tests.DashboardTest.Productrequestcheck(DashboardTest.java:45)
at java.base/jdk.internal.reflect.NativeMethodAccessorImpl.invoke0(Native Method)
at java.base/jdk.internal.reflect.NativeMethodAccessorImpl.invoke(NativeMethodAccessorImpl.java:77)
at java.base/jdk.internal.reflect.DelegatingMethodAccessorImpl.invoke(DelegatingMethodAccessorImpl.java:43)
at java.base/java.lang.reflect.Method.invoke(Method.java:568)
at org.testng.internal.MethodInvocationHelper.invokeMethod(MethodInvocationHelper.java:133)
at org.testng.internal.TestInvoker.invokeMethod(TestInvoker.java:598)
at org.testng.internal.TestInvoker.invokeTestMethod(TestInvoker.java:173)
at org.testng.internal.MethodRunner.runInSequence(MethodRunner.java:46)
at org.testng.internal.TestInvoker$MethodInvocationAgent.invoke(TestInvoker.java:824)
at org.testng.internal.TestInvoker.invokeTestMethods(TestInvoker.java:146)
at org.testng.internal.TestMethodWorker.invokeTestMethods(TestMethodWorker.java:146)
at org.testng.internal.TestMethodWorker.run(TestMethodWorker.java:128)
at java.base/java.util.ArrayList.forEach(ArrayList.java:1511)
at org.testng.TestRunner.privateRun(TestRunner.java:794)
at org.testng.TestRunner.run(TestRunner.java:596)
at org.testng.SuiteRunner.runTest(SuiteRunner.java:377)
at org.testng.SuiteRunner.runSequentially(SuiteRunner.java:371)
at org.testng.SuiteRunner.privateRun(SuiteRunner.java:332)
at org.testng.SuiteRunner.run(SuiteRunner.java:276)
at org.testng.SuiteRunnerWorker.runSuite(SuiteRunnerWorker.java:53)
at org.testng.SuiteRunnerWorker.run(SuiteRunnerWorker.java:96)
at org.testng.TestNG.runSuitesSequentially(TestNG.java:1212)
at org.testng.TestNG.runSuitesLocally(TestNG.java:1134)
at org.testng.TestNG.runSuites(TestNG.java:1063)
at org.testng.TestNG.run(TestNG.java:1031)
at org.testng.remote.AbstractRemoteTestNG.run(AbstractRemoteTestNG.java:115)
at org.testng.remote.RemoteTestNG.initAndRun(RemoteTestNG.java:251)
at org.testng.remote.RemoteTestNG.main(RemoteTestNG.java:77)
]]>
            </full-stacktrace>
          </exception> <!-- org.openqa.selenium.NoSuchElementException -->
          <reporter-output>
          </reporter-output>
        </test-method> <!-- Productrequestcheck -->
        <test-method signature="FilterCheck()[pri:4, instance:com.tests.DashboardTest@644baf4a]" started-at="2022-11-21T20:19:33 IST" name="FilterCheck" description="5. Validate Total auction and total deals filter functionality!" test-instance-name="6. Dashboard verification" finished-at="2022-11-21T20:20:15 IST" duration-ms="42620" status="PASS">
          <reporter-output>
          </reporter-output>
        </test-method> <!-- FilterCheck -->
        <test-method signature="DealsAndAuctionRedirecting()[pri:5, instance:com.tests.DashboardTest@644baf4a]" started-at="2022-11-21T20:20:15 IST" name="DealsAndAuctionRedirecting" description="6. Validate redirecting to Home and ProfilePage and view functionality in Total deals and Total Auction" test-instance-name="6. Dashboard verification" finished-at="2022-11-21T20:20:54 IST" duration-ms="38205" status="PASS">
          <reporter-output>
          </reporter-output>
        </test-method> <!-- DealsAndAuctionRedirecting -->
        <test-method is-config="true" signature="wrapUp()[pri:0, instance:com.tests.DashboardTest@644baf4a]" started-at="2022-11-21T20:20:54 IST" name="wrapUp" test-instance-name="6. Dashboard verification" finished-at="2022-11-21T20:20:54 IST" duration-ms="606" status="PASS">
          <reporter-output>
          </reporter-output>
        </test-method> <!-- wrapUp -->
      </class> <!-- com.tests.DashboardTest -->
      <class name="com.tests.LoginTest">
        <test-method is-config="true" signature="globalSetup()[pri:0, instance:com.tests.LoginTest@d86a6f]" started-at="2022-11-21T20:12:49 IST" name="globalSetup" test-instance-name="1. Email/Password Login Test" finished-at="2022-11-21T20:12:49 IST" duration-ms="87" status="PASS">
          <reporter-output>
          </reporter-output>
        </test-method> <!-- globalSetup -->
        <test-method is-config="true" signature="setup()[pri:0, instance:com.tests.LoginTest@d86a6f]" started-at="2022-11-21T20:12:49 IST" name="setup" test-instance-name="1. Email/Password Login Test" finished-at="2022-11-21T20:12:51 IST" duration-ms="1748" status="PASS">
          <reporter-output>
          </reporter-output>
        </test-method> <!-- setup -->
        <test-method signature="loginPage()[pri:0, instance:com.tests.LoginTest@d86a6f]" started-at="2022-11-21T20:12:51 IST" name="loginPage" description="Validating Email/Pass Login Functionality" test-instance-name="1. Email/Password Login Test" finished-at="2022-11-21T20:12:59 IST" duration-ms="7439" status="PASS">
          <reporter-output>
          </reporter-output>
        </test-method> <!-- loginPage -->
        <test-method is-config="true" signature="wrapUp()[pri:0, instance:com.tests.LoginTest@d86a6f]" started-at="2022-11-21T20:12:59 IST" name="wrapUp" test-instance-name="1. Email/Password Login Test" finished-at="2022-11-21T20:13:15 IST" duration-ms="16364" status="PASS">
          <reporter-output>
          </reporter-output>
        </test-method> <!-- wrapUp -->
        <test-method is-config="true" signature="wrapAllUp(org.testng.ITestContext)[pri:0, instance:com.tests.LoginTest@d86a6f]" started-at="2022-11-21T20:28:21 IST" name="wrapAllUp" test-instance-name="1. Email/Password Login Test" finished-at="2022-11-21T20:28:21 IST" duration-ms="8" status="PASS">
          <params>
            <param index="0">
              <value>
                <![CDATA[org.testng.TestRunner@4b55652a]]>
              </value>
            </param>
          </params>
          <reporter-output>
          </reporter-output>
        </test-method> <!-- wrapAllUp -->
      </class> <!-- com.tests.LoginTest -->
      <class name="com.tests.BuyNowTest">
        <test-method is-config="true" signature="setup()[pri:0, instance:com.tests.BuyNowTest@26d9b808]" started-at="2022-11-21T20:14:43 IST" name="setup" test-instance-name="4. BuyNow" finished-at="2022-11-21T20:14:45 IST" duration-ms="1444" status="PASS">
          <reporter-output>
          </reporter-output>
        </test-method> <!-- setup -->
        <test-method signature="BuyNowSearchProducyUsingKeywordandNetBankingPayment()[pri:0, instance:com.tests.BuyNowTest@26d9b808]" started-at="2022-11-21T20:14:45 IST" name="BuyNowSearchProducyUsingKeywordandNetBankingPayment" description="1. Search Product by &#039;keywordsearch&#039; and BuyNow with Netbanking payment - Functionality test" test-instance-name="4. BuyNow" finished-at="2022-11-21T20:15:46 IST" duration-ms="61607" status="FAIL">
          <exception class="org.openqa.selenium.NoSuchElementException">
            <message>
              <![CDATA[no such element: Unable to locate element: {"method":"xpath","selector":"//button[@class='new-method has-tooltip false svelte-1kfpmw0']/div/div/div/div[text()='Netbanking'] | //button[@class='new-method has-tooltip false svelte-1u727jy']/div/div/div[text()='Netbanking']"}
  (Session info: chrome=107.0.5304.107)
For documentation on this error, please visit: https://selenium.dev/exceptions/#no_such_element
Build info: version: '4.3.0', revision: 'a4995e2c09*'
System info: host: 'DESKTOP-VLFRU2T', ip: '192.168.0.7', os.name: 'Windows 11', os.arch: 'amd64', os.version: '10.0', java.version: '17.0.3'
Driver info: org.openqa.selenium.chrome.ChromeDriver
Command: [5ee6c5739b84a183d737bf853402e729, findElement {using=xpath, value=//button[@class='new-method has-tooltip false svelte-1kfpmw0']/div/div/div/div[text()='Netbanking'] | //button[@class='new-method has-tooltip false svelte-1u727jy']/div/div/div[text()='Netbanking']}]
Capabilities {acceptInsecureCerts: false, browserName: chrome, browserVersion: 107.0.5304.107, chrome: {chromedriverVersion: 107.0.5304.62 (1eec40d3a576..., userDataDir: C:\Users\Gopinath\AppData\L...}, goog:chromeOptions: {debuggerAddress: localhost:65003}, networkConnectionEnabled: false, pageLoadStrategy: normal, platformName: WINDOWS, proxy: Proxy(), se:cdp: ws://localhost:65003/devtoo..., se:cdpVersion: 107.0.5304.107, setWindowRect: true, strictFileInteractability: false, timeouts: {implicit: 0, pageLoad: 300000, script: 30000}, unhandledPromptBehavior: dismiss and notify, webauthn:extension:credBlob: true, webauthn:extension:largeBlob: true, webauthn:virtualAuthenticators: true}
Session ID: 5ee6c5739b84a183d737bf853402e729]]>
            </message>
            <full-stacktrace>
              <![CDATA[org.openqa.selenium.NoSuchElementException: no such element: Unable to locate element: {"method":"xpath","selector":"//button[@class='new-method has-tooltip false svelte-1kfpmw0']/div/div/div/div[text()='Netbanking'] | //button[@class='new-method has-tooltip false svelte-1u727jy']/div/div/div[text()='Netbanking']"}
  (Session info: chrome=107.0.5304.107)
For documentation on this error, please visit: https://selenium.dev/exceptions/#no_such_element
Build info: version: '4.3.0', revision: 'a4995e2c09*'
System info: host: 'DESKTOP-VLFRU2T', ip: '192.168.0.7', os.name: 'Windows 11', os.arch: 'amd64', os.version: '10.0', java.version: '17.0.3'
Driver info: org.openqa.selenium.chrome.ChromeDriver
Command: [5ee6c5739b84a183d737bf853402e729, findElement {using=xpath, value=//button[@class='new-method has-tooltip false svelte-1kfpmw0']/div/div/div/div[text()='Netbanking'] | //button[@class='new-method has-tooltip false svelte-1u727jy']/div/div/div[text()='Netbanking']}]
Capabilities {acceptInsecureCerts: false, browserName: chrome, browserVersion: 107.0.5304.107, chrome: {chromedriverVersion: 107.0.5304.62 (1eec40d3a576..., userDataDir: C:\Users\Gopinath\AppData\L...}, goog:chromeOptions: {debuggerAddress: localhost:65003}, networkConnectionEnabled: false, pageLoadStrategy: normal, platformName: WINDOWS, proxy: Proxy(), se:cdp: ws://localhost:65003/devtoo..., se:cdpVersion: 107.0.5304.107, setWindowRect: true, strictFileInteractability: false, timeouts: {implicit: 0, pageLoad: 300000, script: 30000}, unhandledPromptBehavior: dismiss and notify, webauthn:extension:credBlob: true, webauthn:extension:largeBlob: true, webauthn:virtualAuthenticators: true}
Session ID: 5ee6c5739b84a183d737bf853402e729
at java.base/jdk.internal.reflect.NativeConstructorAccessorImpl.newInstance0(Native Method)
at java.base/jdk.internal.reflect.NativeConstructorAccessorImpl.newInstance(NativeConstructorAccessorImpl.java:77)
at java.base/jdk.internal.reflect.DelegatingConstructorAccessorImpl.newInstance(DelegatingConstructorAccessorImpl.java:45)
at java.base/java.lang.reflect.Constructor.newInstanceWithCaller(Constructor.java:499)
at java.base/java.lang.reflect.Constructor.newInstance(Constructor.java:480)
at org.openqa.selenium.remote.codec.w3c.W3CHttpResponseCodec.createException(W3CHttpResponseCodec.java:200)
at org.openqa.selenium.remote.codec.w3c.W3CHttpResponseCodec.decode(W3CHttpResponseCodec.java:133)
at org.openqa.selenium.remote.codec.w3c.W3CHttpResponseCodec.decode(W3CHttpResponseCodec.java:53)
at org.openqa.selenium.remote.HttpCommandExecutor.execute(HttpCommandExecutor.java:184)
at org.openqa.selenium.remote.service.DriverCommandExecutor.invokeExecute(DriverCommandExecutor.java:167)
at org.openqa.selenium.remote.service.DriverCommandExecutor.execute(DriverCommandExecutor.java:142)
at org.openqa.selenium.remote.RemoteWebDriver.execute(RemoteWebDriver.java:569)
at org.openqa.selenium.remote.ElementLocation$ElementFinder$2.findElement(ElementLocation.java:162)
at org.openqa.selenium.remote.ElementLocation.findElement(ElementLocation.java:60)
at org.openqa.selenium.remote.RemoteWebDriver.findElement(RemoteWebDriver.java:387)
at org.openqa.selenium.remote.RemoteWebDriver.findElement(RemoteWebDriver.java:379)
at org.openqa.selenium.support.pagefactory.DefaultElementLocator.findElement(DefaultElementLocator.java:70)
at org.openqa.selenium.support.pagefactory.internal.LocatingElementHandler.invoke(LocatingElementHandler.java:39)
at jdk.proxy2/jdk.proxy2.$Proxy20.getWrappedElement(Unknown Source)
at org.openqa.selenium.remote.internal.WebElementToJsonConverter.apply(WebElementToJsonConverter.java:51)
at java.base/java.util.stream.ReferencePipeline$3$1.accept(ReferencePipeline.java:197)
at java.base/java.util.Spliterators$ArraySpliterator.forEachRemaining(Spliterators.java:992)
at java.base/java.util.stream.AbstractPipeline.copyInto(AbstractPipeline.java:509)
at java.base/java.util.stream.AbstractPipeline.wrapAndCopyInto(AbstractPipeline.java:499)
at java.base/java.util.stream.ReduceOps$ReduceOp.evaluateSequential(ReduceOps.java:921)
at java.base/java.util.stream.AbstractPipeline.evaluate(AbstractPipeline.java:234)
at java.base/java.util.stream.ReferencePipeline.collect(ReferencePipeline.java:682)
at org.openqa.selenium.remote.RemoteWebDriver.executeScript(RemoteWebDriver.java:500)
at com.helper.SeleniumHelper.executeScript(SeleniumHelper.java:275)
at com.helper.SeleniumHelper.scrollIntoView(SeleniumHelper.java:289)
at com.pages.PaymentMethodsPage.netBankingPayment(PaymentMethodsPage.java:98)
at com.tests.BuyNowTest.BuyNowSearchProducyUsingKeywordandNetBankingPayment(BuyNowTest.java:22)
at java.base/jdk.internal.reflect.NativeMethodAccessorImpl.invoke0(Native Method)
at java.base/jdk.internal.reflect.NativeMethodAccessorImpl.invoke(NativeMethodAccessorImpl.java:77)
at java.base/jdk.internal.reflect.DelegatingMethodAccessorImpl.invoke(DelegatingMethodAccessorImpl.java:43)
at java.base/java.lang.reflect.Method.invoke(Method.java:568)
at org.testng.internal.MethodInvocationHelper.invokeMethod(MethodInvocationHelper.java:133)
at org.testng.internal.TestInvoker.invokeMethod(TestInvoker.java:598)
at org.testng.internal.TestInvoker.invokeTestMethod(TestInvoker.java:173)
at org.testng.internal.MethodRunner.runInSequence(MethodRunner.java:46)
at org.testng.internal.TestInvoker$MethodInvocationAgent.invoke(TestInvoker.java:824)
at org.testng.internal.TestInvoker.invokeTestMethods(TestInvoker.java:146)
at org.testng.internal.TestMethodWorker.invokeTestMethods(TestMethodWorker.java:146)
at org.testng.internal.TestMethodWorker.run(TestMethodWorker.java:128)
at java.base/java.util.ArrayList.forEach(ArrayList.java:1511)
at org.testng.TestRunner.privateRun(TestRunner.java:794)
at org.testng.TestRunner.run(TestRunner.java:596)
at org.testng.SuiteRunner.runTest(SuiteRunner.java:377)
at org.testng.SuiteRunner.runSequentially(SuiteRunner.java:371)
at org.testng.SuiteRunner.privateRun(SuiteRunner.java:332)
at org.testng.SuiteRunner.run(SuiteRunner.java:276)
at org.testng.SuiteRunnerWorker.runSuite(SuiteRunnerWorker.java:53)
at org.testng.SuiteRunnerWorker.run(SuiteRunnerWorker.java:96)
at org.testng.TestNG.runSuitesSequentially(TestNG.java:1212)
at org.testng.TestNG.runSuitesLocally(TestNG.java:1134)
at org.testng.TestNG.runSuites(TestNG.java:1063)
at org.testng.TestNG.run(TestNG.java:1031)
at org.testng.remote.AbstractRemoteTestNG.run(AbstractRemoteTestNG.java:115)
at org.testng.remote.RemoteTestNG.initAndRun(RemoteTestNG.java:251)
at org.testng.remote.RemoteTestNG.main(RemoteTestNG.java:77)
]]>
            </full-stacktrace>
          </exception> <!-- org.openqa.selenium.NoSuchElementException -->
          <reporter-output>
          </reporter-output>
        </test-method> <!-- BuyNowSearchProducyUsingKeywordandNetBankingPayment -->
        <test-method is-config="true" signature="wrapUp()[pri:0, instance:com.tests.BuyNowTest@26d9b808]" started-at="2022-11-21T20:15:46 IST" name="wrapUp" test-instance-name="4. BuyNow" finished-at="2022-11-21T20:16:03 IST" duration-ms="16394" status="PASS">
          <reporter-output>
          </reporter-output>
        </test-method> <!-- wrapUp -->
      </class> <!-- com.tests.BuyNowTest -->
      <class name="com.tests.AutoBidTest">
        <test-method is-config="true" signature="setup()[pri:0, instance:com.tests.AutoBidTest@740cae06]" started-at="2022-11-21T20:13:48 IST" name="setup" test-instance-name="3. AutoBid" finished-at="2022-11-21T20:13:49 IST" duration-ms="807" status="PASS">
          <reporter-output>
          </reporter-output>
        </test-method> <!-- setup -->
        <test-method signature="AutoBidByKeywordSearchandNetBankingPayment()[pri:0, instance:com.tests.AutoBidTest@740cae06]" started-at="2022-11-21T20:13:49 IST" name="AutoBidByKeywordSearchandNetBankingPayment" description="1.Search Product by &#039;keywordsearch&#039; and start AutoBid with Netbanking payment - Functionality test" test-instance-name="3. AutoBid" finished-at="2022-11-21T20:14:27 IST" duration-ms="37847" status="PASS">
          <reporter-output>
          </reporter-output>
        </test-method> <!-- AutoBidByKeywordSearchandNetBankingPayment -->
        <test-method is-config="true" signature="wrapUp()[pri:0, instance:com.tests.AutoBidTest@740cae06]" started-at="2022-11-21T20:14:27 IST" name="wrapUp" test-instance-name="3. AutoBid" finished-at="2022-11-21T20:14:43 IST" duration-ms="16391" status="PASS">
          <reporter-output>
          </reporter-output>
        </test-method> <!-- wrapUp -->
      </class> <!-- com.tests.AutoBidTest -->
    </test> <!-- Regression Test Part 1 -->
  </suite> <!-- Suite -->
</testng-results>
